2024-11-06 15:59:41,556 | INFO | 4725 | Attempting to retrieve logo for arkay windows from Google Images
2024-11-06 15:59:44,568 | INFO | 4725 | Logo saved at /mnt/d/Programming/convoai/server/temp/images/000001.jpg
2024-11-06 15:59:44,572 | INFO | 4725 | Removing crawled logo from images directory
2024-11-06 15:59:44,577 | INFO | 4725 | Creating vector store and assistant id for new company: arkay_windows
2024-11-06 15:59:45,595 | INFO | 4725 | Vector ID generated for arkay_windows
2024-11-06 15:59:46,549 | INFO | 4725 | Assistant ID generated for arkay_windows
2024-11-06 15:59:46,550 | INFO | 4725 | Converting attachments to PDF format
2024-11-06 15:59:46,550 | INFO | 4725 | No attachments found! Skipping upload step
2024-11-06 15:59:46,633 | INFO | 4725 | Starting Scraping task on background thread
2024-11-06 15:59:46,633 | INFO | 4725 | Sending scraping begun response to client
2024-11-06 15:59:46,634 | INFO | 4725 | Starting Scraping Session with Timeout at 300 seconds
2024-11-06 15:59:46,634 | INFO | 4725 | Task started for https://www.arkaywindows.com/ at 2024-11-06 15:59:46.634714
2024-11-06 15:59:46,638 | INFO | 4737 | Started scraping https://www.arkaywindows.com/ for arkay_windows at 2024-11-06 15:59:46.638128
2024-11-06 15:59:48,362 | INFO | 4737 | Markdown Report Generated for https://www.arkaywindows.com/
2024-11-06 15:59:49,793 | INFO | 4737 | Markdown Report Generated for https://www.arkaywindows.com/product_category/doors?cat=hinged-doors
2024-11-06 15:59:51,310 | INFO | 4737 | Markdown Report Generated for https://www.arkaywindows.com/faq
2024-11-06 15:59:52,799 | INFO | 4737 | Markdown Report Generated for https://www.arkaywindows.com/product/unifold-hi
2024-11-06 15:59:54,453 | INFO | 4737 | Markdown Report Generated for https://www.arkaywindows.com/product_category/roofs
2024-11-06 15:59:55,816 | ERROR | 4737 | Got an error while scraping https://www.arkaywindows.com/ : Redirect response '301 Moved Permanently' for url 'https://www.arkaywindows.com/product/aws-70-hi%20'
Redirect location: 'https://www.arkaywindows.com/product/aws-70-hi'
For more information check: https://developer.mozilla.org/en-US/docs/Web/HTTP/Status/301
2024-11-06 15:59:57,484 | INFO | 4737 | Markdown Report Generated for https://www.arkaywindows.com/about-us
2024-11-06 15:59:58,792 | ERROR | 4737 | Got an error while scraping https://www.arkaywindows.com/ : Redirect response '301 Moved Permanently' for url 'https://www.arkaywindows.com/privacy-policy/'
Redirect location: 'https://www.arkaywindows.com/privacy-policy'
For more information check: https://developer.mozilla.org/en-US/docs/Web/HTTP/Status/301
2024-11-06 16:00:00,414 | INFO | 4737 | Markdown Report Generated for https://www.arkaywindows.com/case-studies
2024-11-06 16:00:02,397 | INFO | 4737 | Markdown Report Generated for https://www.arkaywindows.com/product_category/windows
2024-11-06 16:00:05,189 | INFO | 4737 | Markdown Report Generated for https://www.arkaywindows.com/product_category/doors?cat=sliding-doors
2024-11-06 16:00:07,150 | INFO | 4737 | Markdown Report Generated for https://www.arkaywindows.com/product_category/doors
2024-11-06 16:00:08,971 | INFO | 4737 | Markdown Report Generated for https://www.arkaywindows.com/product/edgeglide
2024-11-06 16:00:11,011 | INFO | 4737 | Markdown Report Generated for https://www.arkaywindows.com/privacy-policy
2024-11-06 16:00:12,517 | INFO | 4737 | Markdown Report Generated for https://www.arkaywindows.com/vacancies
2024-11-06 16:00:14,197 | INFO | 4737 | Markdown Report Generated for https://www.arkaywindows.com/blog
2024-11-06 16:00:15,901 | INFO | 4737 | Markdown Report Generated for https://www.arkaywindows.com/contact-us
2024-11-06 16:00:17,500 | INFO | 4737 | Markdown Report Generated for https://www.arkaywindows.com/showroom-virtual-reality-tour
2024-11-06 16:00:18,786 | ERROR | 4737 | Got an error while scraping https://www.arkaywindows.com/ : Redirect response '301 Moved Permanently' for url 'https://www.arkaywindows.com/cookie-policy/'
Redirect location: 'https://www.arkaywindows.com/cookie-policy'
For more information check: https://developer.mozilla.org/en-US/docs/Web/HTTP/Status/301
2024-11-06 16:00:20,459 | INFO | 4737 | Markdown Report Generated for https://www.arkaywindows.com/arkay-showroom
2024-11-06 16:00:22,026 | INFO | 4737 | Markdown Report Generated for https://www.arkaywindows.com/video
2024-11-06 16:00:23,587 | INFO | 4737 | Markdown Report Generated for https://www.arkaywindows.com/product/unifold
2024-11-06 16:00:25,483 | INFO | 4737 | Markdown Report Generated for https://www.arkaywindows.com/resources
2024-11-06 16:00:27,036 | INFO | 4737 | Markdown Report Generated for https://www.arkaywindows.com/product/infiniglide-3
2024-11-06 16:00:28,673 | INFO | 4737 | Markdown Report Generated for https://www.arkaywindows.com/request-a-quote
2024-11-06 16:00:30,084 | ERROR | 4737 | Got an error while scraping https://www.arkaywindows.com/ : Redirect response '301 Moved Permanently' for url 'https://www.arkaywindows.com/terms-and-conditions/'
Redirect location: 'https://www.arkaywindows.com/terms-and-conditions'
For more information check: https://developer.mozilla.org/en-US/docs/Web/HTTP/Status/301
2024-11-06 16:00:31,686 | INFO | 4737 | Markdown Report Generated for https://www.arkaywindows.com/product_category/doors?cat=bifold-doors
2024-11-06 16:00:33,120 | INFO | 4737 | Markdown Report Generated for https://www.arkaywindows.com/door-manufacturer
2024-11-06 16:00:34,805 | INFO | 4737 | Markdown Report Generated for https://www.arkaywindows.com
2024-11-06 16:00:36,269 | INFO | 4737 | Markdown Report Generated for https://www.arkaywindows.com/join-our-network
2024-11-06 16:00:37,974 | INFO | 4737 | Markdown Report Generated for https://www.arkaywindows.com/product/infinilight
2024-11-06 16:00:39,640 | INFO | 4737 | Markdown Report Generated for https://www.arkaywindows.com/schuco-doors-supplier-london-uk
2024-11-06 16:00:41,465 | ERROR | 4737 | Got an error while scraping https://www.arkaywindows.com/ : Redirect response '302 Found' for url 'https://www.arkaywindows.com/media-centre'
Redirect location: 'https://www.arkaywindows.com/login/?login=media&redirect_to=https%3A%2F%2Fwww.arkaywindows.com%2Fmedia-centre'
For more information check: https://developer.mozilla.org/en-US/docs/Web/HTTP/Status/302
2024-11-06 16:00:43,183 | INFO | 4737 | Markdown Report Generated for https://www.arkaywindows.com/product/ads-70-hd
2024-11-06 16:00:44,800 | INFO | 4737 | Markdown Report Generated for https://www.arkaywindows.com/product/aluk-bsc94
2024-11-06 16:00:46,844 | INFO | 4737 | Markdown Report Generated for https://www.arkaywindows.com/product/pirnar
2024-11-06 16:00:48,524 | INFO | 4737 | Markdown Report Generated for https://www.arkaywindows.com/product/ase60
2024-11-06 16:00:50,159 | INFO | 4737 | Markdown Report Generated for https://www.arkaywindows.com/product/upvc-patio-doors
2024-11-06 16:00:51,825 | INFO | 4737 | Markdown Report Generated for https://www.arkaywindows.com/product/entrance-doors
2024-11-06 16:00:53,582 | INFO | 4737 | Markdown Report Generated for https://www.arkaywindows.com/product/aluk-bsf70
2024-11-06 16:00:55,386 | INFO | 4737 | Markdown Report Generated for https://www.arkaywindows.com/product/upvc-doors
2024-11-06 16:00:57,083 | INFO | 4737 | Markdown Report Generated for https://www.arkaywindows.com/product/ass-50
2024-11-06 16:00:58,781 | INFO | 4737 | Markdown Report Generated for https://www.arkaywindows.com/product/aluk-58bd-hi
2024-11-06 16:01:00,602 | INFO | 4737 | Markdown Report Generated for https://www.arkaywindows.com/product/as-fd-75
2024-11-06 16:01:02,424 | INFO | 4737 | Markdown Report Generated for https://www.arkaywindows.com/product/aluk-gt55-commercial-doors
2024-11-06 16:01:06,910 | INFO | 4737 | Saved the following attachements: ['/mnt/d/Programming/convoai/server/temp/attachments/arkay_windows/Akay-Unifold-HI-Brochure-Dec-23-1.pdf']
2024-11-06 16:01:08,536 | INFO | 4737 | Markdown Report Generated for https://www.arkaywindows.com/product/veranda
2024-11-06 16:01:10,211 | INFO | 4737 | Markdown Report Generated for https://www.arkaywindows.com/product/pallazzo
2024-11-06 16:01:11,729 | INFO | 4737 | Markdown Report Generated for https://www.arkaywindows.com/product/infinilantern
2024-11-06 16:01:13,329 | INFO | 4737 | Markdown Report Generated for https://www.arkaywindows.com/product/stratus
2024-11-06 16:01:14,981 | INFO | 4737 | Markdown Report Generated for https://www.arkaywindows.com/bifold-door-manufacturer-buckinghamshire
2024-11-06 16:01:16,542 | INFO | 4737 | Markdown Report Generated for https://www.arkaywindows.com/aluk-windows-supplier-berkshire
2024-11-06 16:01:18,027 | INFO | 4737 | Markdown Report Generated for https://www.arkaywindows.com/window-manufacturer
2024-11-06 16:01:19,610 | INFO | 4737 | Markdown Report Generated for https://www.arkaywindows.com/aluk-windows-supplier-essex
2024-11-06 16:01:21,040 | INFO | 4737 | Markdown Report Generated for https://www.arkaywindows.com/aluminium-doors-bournemouth
2024-11-06 16:01:22,572 | INFO | 4737 | Markdown Report Generated for https://www.arkaywindows.com/bifold-door-manufacturer
2024-11-06 16:01:24,226 | INFO | 4737 | Markdown Report Generated for https://www.arkaywindows.com/aluminium-doors-poole
2024-11-06 16:01:26,536 | INFO | 4737 | Markdown Report Generated for https://www.arkaywindows.com/installers
2024-11-06 16:01:28,012 | INFO | 4737 | Markdown Report Generated for https://www.arkaywindows.com/bifold-door-manufacturer-hertfordshire
2024-11-06 16:01:29,506 | INFO | 4737 | Markdown Report Generated for https://www.arkaywindows.com/sliding-door-manufacturer
2024-11-06 16:01:30,972 | INFO | 4737 | Markdown Report Generated for https://www.arkaywindows.com/aluminium-windows-supplier
2024-11-06 16:01:32,423 | INFO | 4737 | Markdown Report Generated for https://www.arkaywindows.com/aluk-58bw-flush-windows-buckinghamshire
2024-11-06 16:01:33,792 | INFO | 4737 | Markdown Report Generated for https://www.arkaywindows.com/door-supplier-kent
2024-11-06 16:01:35,187 | INFO | 4737 | Markdown Report Generated for https://www.arkaywindows.com/case-studies/canada-street
2024-11-06 16:01:36,719 | INFO | 4737 | Markdown Report Generated for https://www.arkaywindows.com/case-studies/victorian-period-home-residential-refurb
2024-11-06 16:01:38,409 | INFO | 4737 | Markdown Report Generated for https://www.arkaywindows.com/case-studies#intro
2024-11-06 16:01:39,907 | INFO | 4737 | Markdown Report Generated for https://www.arkaywindows.com/case-studies/iconic-escapade-silverstone-project
2024-11-06 16:01:41,346 | INFO | 4737 | Markdown Report Generated for https://www.arkaywindows.com/case-studies/lsq_bermondsey
2024-11-06 16:01:42,810 | INFO | 4737 | Markdown Report Generated for https://www.arkaywindows.com/case-studies/graven_hill-resi-new-build
2024-11-06 16:01:44,104 | ERROR | 4737 | Got an error while scraping https://www.arkaywindows.com/ : Redirect response '301 Moved Permanently' for url 'https://www.arkaywindows.com/privacy-policy/'
Redirect location: 'https://www.arkaywindows.com/privacy-policy'
For more information check: https://developer.mozilla.org/en-US/docs/Web/HTTP/Status/301
2024-11-06 16:01:45,716 | INFO | 4737 | Markdown Report Generated for https://www.arkaywindows.com/product/upvc-windows
2024-11-06 16:01:47,247 | INFO | 4737 | Markdown Report Generated for https://www.arkaywindows.com/product/aws-70-sc
2024-11-06 16:01:48,802 | INFO | 4737 | Markdown Report Generated for https://www.arkaywindows.com/product/aws-70-hi
2024-11-06 16:01:50,422 | INFO | 4737 | Markdown Report Generated for https://www.arkaywindows.com/product/tilt-and-turn-windows
2024-11-06 16:01:51,922 | INFO | 4737 | Markdown Report Generated for https://www.arkaywindows.com/product/casement-windows
2024-11-06 16:01:53,507 | INFO | 4737 | Markdown Report Generated for https://www.arkaywindows.com/product/aluk-58bw-st
2024-11-06 16:01:55,064 | INFO | 4737 | Markdown Report Generated for https://www.arkaywindows.com/product/aluk-58-bw
2024-11-06 16:01:56,719 | INFO | 4737 | Markdown Report Generated for https://www.arkaywindows.com/product/sliding-sash-windows
2024-11-06 16:01:58,262 | INFO | 4737 | Markdown Report Generated for https://www.arkaywindows.com/product/aluk-58-flush-casement
2024-11-06 16:02:00,332 | INFO | 4737 | Saved the following attachements: ['/mnt/d/Programming/convoai/server/temp/attachments/arkay_windows/Akay-Unifold-HI-Brochure-Dec-23-1.pdf', '/mnt/d/Programming/convoai/server/temp/attachments/arkay_windows/Arkay_EG-35mm-Product-Brochure_1.pdf']
2024-11-06 16:02:01,935 | INFO | 4737 | Markdown Report Generated for https://www.arkaywindows.com/edge-glide-sliding-doors-buckinghamshire
2024-11-06 16:02:03,619 | ERROR | 4737 | Got an error while scraping https://www.arkaywindows.com/ : Client error '404 Not Found' for url 'https://www.arkaywindows.com/product/infiniglide-6'
For more information check: https://developer.mozilla.org/en-US/docs/Web/HTTP/Status/404
2024-11-06 16:02:05,239 | INFO | 4737 | Markdown Report Generated for https://www.arkaywindows.com/edge-glide-sliding-doors-hampshire
2024-11-06 16:02:06,835 | INFO | 4737 | Markdown Report Generated for https://www.arkaywindows.com/edge-glide-sliding-doors-hertfordshire
2024-11-06 16:02:08,280 | INFO | 4737 | Markdown Report Generated for https://www.arkaywindows.com/edge-glide-sliding-doors-london
2024-11-06 16:02:09,860 | INFO | 4737 | Markdown Report Generated for https://www.arkaywindows.com/edge-glide-sliding-doors-oxford
2024-11-06 16:02:11,203 | ERROR | 4737 | Got an error while scraping https://www.arkaywindows.com/ : Redirect response '301 Moved Permanently' for url 'https://www.arkaywindows.com/product/edgeglide/arkay_eg-35mm-product-brochure'
Redirect location: 'https://www.arkaywindows.com/wp-content/uploads/2021/09/Arkay_EG-35mm-Product-Brochure.pdf'
For more information check: https://developer.mozilla.org/en-US/docs/Web/HTTP/Status/301
2024-11-06 16:02:16,325 | INFO | 4737 | Markdown Report Generated for https://www.arkaywindows.com/cookie-policy
2024-11-06 16:02:17,717 | INFO | 4737 | Markdown Report Generated for https://www.arkaywindows.com/what-products-do-you-need-to-transform-your-home-in-2024
2024-11-06 16:02:19,197 | INFO | 4737 | Markdown Report Generated for https://www.arkaywindows.com/part-l-building-regulations
2024-11-06 16:02:20,542 | INFO | 4737 | Markdown Report Generated for https://www.arkaywindows.com/transform-your-home-into-a-green-home-with-slimline-aluminium-windows-and-doors
2024-11-06 16:02:22,647 | INFO | 4737 | Markdown Report Generated for https://www.arkaywindows.com/welcome-to-your-factory
2024-11-06 16:02:23,856 | ERROR | 4737 | Got an error while scraping https://www.arkaywindows.com/ : Redirect response '301 Moved Permanently' for url 'https://www.arkaywindows.com/blog?paged=3'
Redirect location: 'https://www.arkaywindows.com/blog/page/3'
For more information check: https://developer.mozilla.org/en-US/docs/Web/HTTP/Status/301
2024-11-06 16:02:25,247 | INFO | 4737 | Markdown Report Generated for https://www.arkaywindows.com/safety-first-enhancing-home-security-with-aluminium-doors
2024-11-06 16:02:26,639 | INFO | 4737 | Markdown Report Generated for https://www.arkaywindows.com/edgeglide-loved-by-installers
2024-11-06 16:02:28,246 | INFO | 4737 | Markdown Report Generated for https://www.arkaywindows.com/our-aluk-products
2024-11-06 16:02:29,776 | INFO | 4737 | Markdown Report Generated for https://www.arkaywindows.com/exciting-news-arkay-windows-nominated-for-three-categories-at-the-2024-national-fenestration-awards
2024-11-06 16:02:31,237 | INFO | 4737 | Markdown Report Generated for https://www.arkaywindows.com/category/industry
2024-11-06 16:02:32,687 | INFO | 4737 | Markdown Report Generated for https://www.arkaywindows.com/what-three-products-meet-new-building-regs-that-you-need-in-your-home-now
2024-11-06 16:02:34,120 | INFO | 4737 | Markdown Report Generated for https://www.arkaywindows.com/category/products
2024-11-06 16:02:35,503 | INFO | 4737 | Markdown Report Generated for https://www.arkaywindows.com/bifold-doors-are-they-worth-it-for-your-home
2024-11-06 16:02:36,831 | ERROR | 4737 | Got an error while scraping https://www.arkaywindows.com/ : Redirect response '301 Moved Permanently' for url 'https://www.arkaywindows.com/blog/'
Redirect location: 'https://www.arkaywindows.com/blog'
For more information check: https://developer.mozilla.org/en-US/docs/Web/HTTP/Status/301
2024-11-06 16:02:38,319 | INFO | 4737 | Markdown Report Generated for https://www.arkaywindows.com/arkay-windows-and-aluk-collaborate-on-the-iconic-escapade-silverstone-project
2024-11-06 16:02:39,829 | INFO | 4737 | Markdown Report Generated for https://www.arkaywindows.com/what-are-the-best-bifold-doors
2024-11-06 16:02:41,269 | INFO | 4737 | Markdown Report Generated for https://www.arkaywindows.com/category/news
2024-11-06 16:02:42,678 | INFO | 4737 | Markdown Report Generated for https://www.arkaywindows.com/thermal-break-technology-for-energy-efficient-windows
2024-11-06 16:02:43,903 | ERROR | 4737 | Got an error while scraping https://www.arkaywindows.com/ : Redirect response '301 Moved Permanently' for url 'https://www.arkaywindows.com/blog?paged=2'
Redirect location: 'https://www.arkaywindows.com/blog/page/2'
For more information check: https://developer.mozilla.org/en-US/docs/Web/HTTP/Status/301
2024-11-06 16:02:45,304 | INFO | 4737 | Markdown Report Generated for https://www.arkaywindows.com/building-regulations-compliance-with-arkay-windows
2024-11-06 16:02:46,666 | INFO | 4737 | Markdown Report Generated for https://www.arkaywindows.com/how-to-keep-your-home-warm-naturally-this-autumn
2024-11-06 16:02:48,136 | INFO | 4737 | Markdown Report Generated for https://www.arkaywindows.com/best-sliding-doors
2024-11-06 16:02:49,560 | INFO | 4737 | Markdown Report Generated for https://www.arkaywindows.com/are-bifold-doors-energy-efficient
2024-11-06 16:02:50,993 | INFO | 4737 | Markdown Report Generated for https://www.arkaywindows.com/what-is-the-difference-between-bifold-doors-and-sliding-doors
2024-11-06 16:02:52,409 | INFO | 4737 | Markdown Report Generated for https://www.arkaywindows.com/new-aluk-entrance-door
2024-11-06 16:02:53,909 | INFO | 4737 | Markdown Report Generated for https://www.arkaywindows.com/how-to-keep-your-home-energy-efficient-this-spring
2024-11-06 16:02:55,396 | INFO | 4737 | Markdown Report Generated for https://www.arkaywindows.com/terms-and-conditions
2024-11-06 16:02:58,880 | ERROR | 4737 | Got an error while scraping https://www.arkaywindows.com/ : Redirect response '301 Moved Permanently' for url 'https://www.arkaywindows.com/cookie-policy/'
Redirect location: 'https://www.arkaywindows.com/cookie-policy'
For more information check: https://developer.mozilla.org/en-US/docs/Web/HTTP/Status/301
2024-11-06 16:02:59,553 | ERROR | 4737 | Got an error while scraping https://www.arkaywindows.com/ : Redirect response '301 Moved Permanently' for url 'https://www.arkaywindows.com/product/ass-70-fd'
Redirect location: 'http://www.arkaywindows.com/product/schuco-ass70-fd-hd-bifold/'
For more information check: https://developer.mozilla.org/en-US/docs/Web/HTTP/Status/301
2024-11-06 16:03:01,170 | ERROR | 4737 | Got an error while scraping https://www.arkaywindows.com/ : Client error '404 Not Found' for url 'https://www.arkaywindows.com/product/aluk-f82'
For more information check: https://developer.mozilla.org/en-US/docs/Web/HTTP/Status/404
2024-11-06 16:03:03,770 | INFO | 4737 | Markdown Report Generated for https://www.arkaywindows.com/video/arkay-windows-london
2024-11-06 16:03:05,388 | INFO | 4737 | Markdown Report Generated for https://www.arkaywindows.com/video/infiniglide
2024-11-06 16:03:06,831 | INFO | 4737 | Markdown Report Generated for https://www.arkaywindows.com/video/unifold-bifold-doors
2024-11-06 16:03:08,332 | INFO | 4737 | Markdown Report Generated for https://www.arkaywindows.com/video/unifold-bifold-doors-2-2
2024-11-06 16:03:09,740 | INFO | 4737 | Markdown Report Generated for https://www.arkaywindows.com/video/aluminium-bifold-doors-from-arkay
2024-11-06 16:03:11,211 | INFO | 4737 | Markdown Report Generated for https://www.arkaywindows.com/video/infiniglide-6
2024-11-06 16:03:12,667 | INFO | 4737 | Markdown Report Generated for https://www.arkaywindows.com/video/arkay-windows-aluminium-window-door-manufacturers
2024-11-06 16:03:14,081 | INFO | 4737 | Markdown Report Generated for https://www.arkaywindows.com/video/infinilight
2024-11-06 16:03:15,524 | INFO | 4737 | Markdown Report Generated for https://www.arkaywindows.com/video/stratus-roof-lantern-video
2024-11-06 16:03:17,068 | INFO | 4737 | Markdown Report Generated for https://www.arkaywindows.com/video/edgeglide
2024-11-06 16:03:18,487 | ERROR | 4737 | Got an error while scraping https://www.arkaywindows.com/ : Redirect response '301 Moved Permanently' for url 'https://www.arkaywindows.com/unifold-bifold-doors-kent'
Redirect location: 'https://www.arkaywindows.com/unifold-bifold-doors-kent-2'
For more information check: https://developer.mozilla.org/en-US/docs/Web/HTTP/Status/301
2024-11-06 16:03:19,782 | ERROR | 4737 | Got an error while scraping https://www.arkaywindows.com/ : Redirect response '301 Moved Permanently' for url 'https://www.arkaywindows.com/video/'
Redirect location: 'https://www.arkaywindows.com/video'
For more information check: https://developer.mozilla.org/en-US/docs/Web/HTTP/Status/301
2024-11-06 16:03:21,058 | ERROR | 4737 | Got an error while scraping https://www.arkaywindows.com/ : Redirect response '301 Moved Permanently' for url 'https://www.arkaywindows.com/media-centre/arkay-unifold-unifold-product-brochure/arkay_unifold_v2_dec-21_lr'
Redirect location: 'https://www.arkaywindows.com/wp-content/uploads/2021/09/Arkay_Unifold_V2_Dec-21_LR.pdf'
For more information check: https://developer.mozilla.org/en-US/docs/Web/HTTP/Status/301
2024-11-06 16:03:23,744 | INFO | 4737 | Saved the following attachements: ['/mnt/d/Programming/convoai/server/temp/attachments/arkay_windows/Akay-Unifold-HI-Brochure-Dec-23-1.pdf', '/mnt/d/Programming/convoai/server/temp/attachments/arkay_windows/Arkay_EG-35mm-Product-Brochure_1.pdf', '/mnt/d/Programming/convoai/server/temp/attachments/arkay_windows/Arkay_Unifold_V2_Dec-21_LR_1.pdf']
2024-11-06 16:03:25,351 | INFO | 4737 | Markdown Report Generated for https://www.arkaywindows.com/unifold-bifold-doors-hertfordshire
2024-11-06 16:03:26,819 | INFO | 4737 | Markdown Report Generated for https://www.arkaywindows.com/unifold-bifold-doors-london
2024-11-06 16:03:28,338 | INFO | 4737 | Markdown Report Generated for https://www.arkaywindows.com/unifold-bifold-doors-oxford
2024-11-06 16:03:30,037 | INFO | 4737 | Markdown Report Generated for https://www.arkaywindows.com/unifold-bifold-doors-essex
2024-11-06 16:03:31,596 | INFO | 4737 | Saved the following attachements: ['/mnt/d/Programming/convoai/server/temp/attachments/arkay_windows/Akay-Unifold-HI-Brochure-Dec-23-1.pdf', '/mnt/d/Programming/convoai/server/temp/attachments/arkay_windows/Arkay_EG-35mm-Product-Brochure_1.pdf', '/mnt/d/Programming/convoai/server/temp/attachments/arkay_windows/Arkay_Unifold_V2_Dec-21_LR_1.pdf', '/mnt/d/Programming/convoai/server/temp/attachments/arkay_windows/Aluk-BSF70-bifold_Jan-21_LR_1.pdf']
2024-11-06 16:03:35,577 | INFO | 4737 | Saved the following attachements: ['/mnt/d/Programming/convoai/server/temp/attachments/arkay_windows/Akay-Unifold-HI-Brochure-Dec-23-1.pdf', '/mnt/d/Programming/convoai/server/temp/attachments/arkay_windows/Arkay_EG-35mm-Product-Brochure_1.pdf', '/mnt/d/Programming/convoai/server/temp/attachments/arkay_windows/Arkay_Unifold_V2_Dec-21_LR_1.pdf', '/mnt/d/Programming/convoai/server/temp/attachments/arkay_windows/Aluk-BSF70-bifold_Jan-21_LR_1.pdf', '/mnt/d/Programming/convoai/server/temp/attachments/arkay_windows/Aluk-Optio-58BW-Flush-Window_Feb21_LR_1.pdf']
2024-11-06 16:03:36,880 | INFO | 4737 | Saved the following attachements: ['/mnt/d/Programming/convoai/server/temp/attachments/arkay_windows/Akay-Unifold-HI-Brochure-Dec-23-1.pdf', '/mnt/d/Programming/convoai/server/temp/attachments/arkay_windows/Arkay_EG-35mm-Product-Brochure_1.pdf', '/mnt/d/Programming/convoai/server/temp/attachments/arkay_windows/Arkay_Unifold_V2_Dec-21_LR_1.pdf', '/mnt/d/Programming/convoai/server/temp/attachments/arkay_windows/Aluk-BSF70-bifold_Jan-21_LR_1.pdf', '/mnt/d/Programming/convoai/server/temp/attachments/arkay_windows/Aluk-Optio-58BW-Flush-Window_Feb21_LR_1.pdf', '/mnt/d/Programming/convoai/server/temp/attachments/arkay_windows/Arkay-Windows-InfiniGLIDE-3-cill-and-drainage_1.pdf']
2024-11-06 16:03:38,217 | INFO | 4737 | Saved the following attachements: ['/mnt/d/Programming/convoai/server/temp/attachments/arkay_windows/Akay-Unifold-HI-Brochure-Dec-23-1.pdf', '/mnt/d/Programming/convoai/server/temp/attachments/arkay_windows/Arkay_EG-35mm-Product-Brochure_1.pdf', '/mnt/d/Programming/convoai/server/temp/attachments/arkay_windows/Arkay_Unifold_V2_Dec-21_LR_1.pdf', '/mnt/d/Programming/convoai/server/temp/attachments/arkay_windows/Aluk-BSF70-bifold_Jan-21_LR_1.pdf', '/mnt/d/Programming/convoai/server/temp/attachments/arkay_windows/Aluk-Optio-58BW-Flush-Window_Feb21_LR_1.pdf', '/mnt/d/Programming/convoai/server/temp/attachments/arkay_windows/Arkay-Windows-InfiniGLIDE-3-cill-and-drainage_1.pdf', '/mnt/d/Programming/convoai/server/temp/attachments/arkay_windows/Akay-Unifold-HI-Brochure-Nov-23_1.pdf']
2024-11-06 16:03:40,231 | INFO | 4737 | Saved the following attachements: ['/mnt/d/Programming/convoai/server/temp/attachments/arkay_windows/Akay-Unifold-HI-Brochure-Dec-23-1.pdf', '/mnt/d/Programming/convoai/server/temp/attachments/arkay_windows/Arkay_EG-35mm-Product-Brochure_1.pdf', '/mnt/d/Programming/convoai/server/temp/attachments/arkay_windows/Arkay_Unifold_V2_Dec-21_LR_1.pdf', '/mnt/d/Programming/convoai/server/temp/attachments/arkay_windows/Aluk-BSF70-bifold_Jan-21_LR_1.pdf', '/mnt/d/Programming/convoai/server/temp/attachments/arkay_windows/Aluk-Optio-58BW-Flush-Window_Feb21_LR_1.pdf', '/mnt/d/Programming/convoai/server/temp/attachments/arkay_windows/Arkay-Windows-InfiniGLIDE-3-cill-and-drainage_1.pdf', '/mnt/d/Programming/convoai/server/temp/attachments/arkay_windows/Akay-Unifold-HI-Brochure-Nov-23_1.pdf', '/mnt/d/Programming/convoai/server/temp/attachments/arkay_windows/Aluk-58BW-ST-Window_Jan-21_LR_1.pdf']
2024-11-06 16:03:41,867 | INFO | 4737 | Saved the following attachements: ['/mnt/d/Programming/convoai/server/temp/attachments/arkay_windows/Akay-Unifold-HI-Brochure-Dec-23-1.pdf', '/mnt/d/Programming/convoai/server/temp/attachments/arkay_windows/Arkay_EG-35mm-Product-Brochure_1.pdf', '/mnt/d/Programming/convoai/server/temp/attachments/arkay_windows/Arkay_Unifold_V2_Dec-21_LR_1.pdf', '/mnt/d/Programming/convoai/server/temp/attachments/arkay_windows/Aluk-BSF70-bifold_Jan-21_LR_1.pdf', '/mnt/d/Programming/convoai/server/temp/attachments/arkay_windows/Aluk-Optio-58BW-Flush-Window_Feb21_LR_1.pdf', '/mnt/d/Programming/convoai/server/temp/attachments/arkay_windows/Arkay-Windows-InfiniGLIDE-3-cill-and-drainage_1.pdf', '/mnt/d/Programming/convoai/server/temp/attachments/arkay_windows/Akay-Unifold-HI-Brochure-Nov-23_1.pdf', '/mnt/d/Programming/convoai/server/temp/attachments/arkay_windows/Aluk-58BW-ST-Window_Jan-21_LR_1.pdf', '/mnt/d/Programming/convoai/server/temp/attachments/arkay_windows/UPVC-Sliding-Door_Evolve_Jan-21_LR_1.pdf']
2024-11-06 16:03:43,683 | INFO | 4737 | Saved the following attachements: ['/mnt/d/Programming/convoai/server/temp/attachments/arkay_windows/Akay-Unifold-HI-Brochure-Dec-23-1.pdf', '/mnt/d/Programming/convoai/server/temp/attachments/arkay_windows/Arkay_EG-35mm-Product-Brochure_1.pdf', '/mnt/d/Programming/convoai/server/temp/attachments/arkay_windows/Arkay_Unifold_V2_Dec-21_LR_1.pdf', '/mnt/d/Programming/convoai/server/temp/attachments/arkay_windows/Aluk-BSF70-bifold_Jan-21_LR_1.pdf', '/mnt/d/Programming/convoai/server/temp/attachments/arkay_windows/Aluk-Optio-58BW-Flush-Window_Feb21_LR_1.pdf', '/mnt/d/Programming/convoai/server/temp/attachments/arkay_windows/Arkay-Windows-InfiniGLIDE-3-cill-and-drainage_1.pdf', '/mnt/d/Programming/convoai/server/temp/attachments/arkay_windows/Akay-Unifold-HI-Brochure-Nov-23_1.pdf', '/mnt/d/Programming/convoai/server/temp/attachments/arkay_windows/Aluk-58BW-ST-Window_Jan-21_LR_1.pdf', '/mnt/d/Programming/convoai/server/temp/attachments/arkay_windows/UPVC-Sliding-Door_Evolve_Jan-21_LR_1.pdf', '/mnt/d/Programming/convoai/server/temp/attachments/arkay_windows/UPVC-Liniar-Windows_Jan-21_LR_1.pdf']
2024-11-06 16:03:47,988 | INFO | 4737 | Saved the following attachements: ['/mnt/d/Programming/convoai/server/temp/attachments/arkay_windows/Akay-Unifold-HI-Brochure-Dec-23-1.pdf', '/mnt/d/Programming/convoai/server/temp/attachments/arkay_windows/Arkay_EG-35mm-Product-Brochure_1.pdf', '/mnt/d/Programming/convoai/server/temp/attachments/arkay_windows/Arkay_Unifold_V2_Dec-21_LR_1.pdf', '/mnt/d/Programming/convoai/server/temp/attachments/arkay_windows/Aluk-BSF70-bifold_Jan-21_LR_1.pdf', '/mnt/d/Programming/convoai/server/temp/attachments/arkay_windows/Aluk-Optio-58BW-Flush-Window_Feb21_LR_1.pdf', '/mnt/d/Programming/convoai/server/temp/attachments/arkay_windows/Arkay-Windows-InfiniGLIDE-3-cill-and-drainage_1.pdf', '/mnt/d/Programming/convoai/server/temp/attachments/arkay_windows/Akay-Unifold-HI-Brochure-Nov-23_1.pdf', '/mnt/d/Programming/convoai/server/temp/attachments/arkay_windows/Aluk-58BW-ST-Window_Jan-21_LR_1.pdf', '/mnt/d/Programming/convoai/server/temp/attachments/arkay_windows/UPVC-Sliding-Door_Evolve_Jan-21_LR_1.pdf', '/mnt/d/Programming/convoai/server/temp/attachments/arkay_windows/UPVC-Liniar-Windows_Jan-21_LR_1.pdf', '/mnt/d/Programming/convoai/server/temp/attachments/arkay_windows/Aluk-Optio-588W-Flush-Window-Web_1.pdf']
2024-11-06 16:03:49,610 | INFO | 4737 | Saved the following attachements: ['/mnt/d/Programming/convoai/server/temp/attachments/arkay_windows/Akay-Unifold-HI-Brochure-Dec-23-1.pdf', '/mnt/d/Programming/convoai/server/temp/attachments/arkay_windows/Arkay_EG-35mm-Product-Brochure_1.pdf', '/mnt/d/Programming/convoai/server/temp/attachments/arkay_windows/Arkay_Unifold_V2_Dec-21_LR_1.pdf', '/mnt/d/Programming/convoai/server/temp/attachments/arkay_windows/Aluk-BSF70-bifold_Jan-21_LR_1.pdf', '/mnt/d/Programming/convoai/server/temp/attachments/arkay_windows/Aluk-Optio-58BW-Flush-Window_Feb21_LR_1.pdf', '/mnt/d/Programming/convoai/server/temp/attachments/arkay_windows/Arkay-Windows-InfiniGLIDE-3-cill-and-drainage_1.pdf', '/mnt/d/Programming/convoai/server/temp/attachments/arkay_windows/Akay-Unifold-HI-Brochure-Nov-23_1.pdf', '/mnt/d/Programming/convoai/server/temp/attachments/arkay_windows/Aluk-58BW-ST-Window_Jan-21_LR_1.pdf', '/mnt/d/Programming/convoai/server/temp/attachments/arkay_windows/UPVC-Sliding-Door_Evolve_Jan-21_LR_1.pdf', '/mnt/d/Programming/convoai/server/temp/attachments/arkay_windows/UPVC-Liniar-Windows_Jan-21_LR_1.pdf', '/mnt/d/Programming/convoai/server/temp/attachments/arkay_windows/Aluk-Optio-588W-Flush-Window-Web_1.pdf', '/mnt/d/Programming/convoai/server/temp/attachments/arkay_windows/Arkay_infiniLANTERN-A4-_Jan-21_V5_LR_1.pdf']
2024-11-06 16:03:51,566 | INFO | 4737 | Saved the following attachements: ['/mnt/d/Programming/convoai/server/temp/attachments/arkay_windows/Akay-Unifold-HI-Brochure-Dec-23-1.pdf', '/mnt/d/Programming/convoai/server/temp/attachments/arkay_windows/Arkay_EG-35mm-Product-Brochure_1.pdf', '/mnt/d/Programming/convoai/server/temp/attachments/arkay_windows/Arkay_Unifold_V2_Dec-21_LR_1.pdf', '/mnt/d/Programming/convoai/server/temp/attachments/arkay_windows/Aluk-BSF70-bifold_Jan-21_LR_1.pdf', '/mnt/d/Programming/convoai/server/temp/attachments/arkay_windows/Aluk-Optio-58BW-Flush-Window_Feb21_LR_1.pdf', '/mnt/d/Programming/convoai/server/temp/attachments/arkay_windows/Arkay-Windows-InfiniGLIDE-3-cill-and-drainage_1.pdf', '/mnt/d/Programming/convoai/server/temp/attachments/arkay_windows/Akay-Unifold-HI-Brochure-Nov-23_1.pdf', '/mnt/d/Programming/convoai/server/temp/attachments/arkay_windows/Aluk-58BW-ST-Window_Jan-21_LR_1.pdf', '/mnt/d/Programming/convoai/server/temp/attachments/arkay_windows/UPVC-Sliding-Door_Evolve_Jan-21_LR_1.pdf', '/mnt/d/Programming/convoai/server/temp/attachments/arkay_windows/UPVC-Liniar-Windows_Jan-21_LR_1.pdf', '/mnt/d/Programming/convoai/server/temp/attachments/arkay_windows/Aluk-Optio-588W-Flush-Window-Web_1.pdf', '/mnt/d/Programming/convoai/server/temp/attachments/arkay_windows/Arkay_infiniLANTERN-A4-_Jan-21_V5_LR_1.pdf', '/mnt/d/Programming/convoai/server/temp/attachments/arkay_windows/Arkay_InfiniGlide3_Brochure_1.pdf']
2024-11-06 16:03:53,009 | INFO | 4737 | Saved the following attachements: ['/mnt/d/Programming/convoai/server/temp/attachments/arkay_windows/Akay-Unifold-HI-Brochure-Dec-23-1.pdf', '/mnt/d/Programming/convoai/server/temp/attachments/arkay_windows/Arkay_EG-35mm-Product-Brochure_1.pdf', '/mnt/d/Programming/convoai/server/temp/attachments/arkay_windows/Arkay_Unifold_V2_Dec-21_LR_1.pdf', '/mnt/d/Programming/convoai/server/temp/attachments/arkay_windows/Aluk-BSF70-bifold_Jan-21_LR_1.pdf', '/mnt/d/Programming/convoai/server/temp/attachments/arkay_windows/Aluk-Optio-58BW-Flush-Window_Feb21_LR_1.pdf', '/mnt/d/Programming/convoai/server/temp/attachments/arkay_windows/Arkay-Windows-InfiniGLIDE-3-cill-and-drainage_1.pdf', '/mnt/d/Programming/convoai/server/temp/attachments/arkay_windows/Akay-Unifold-HI-Brochure-Nov-23_1.pdf', '/mnt/d/Programming/convoai/server/temp/attachments/arkay_windows/Aluk-58BW-ST-Window_Jan-21_LR_1.pdf', '/mnt/d/Programming/convoai/server/temp/attachments/arkay_windows/UPVC-Sliding-Door_Evolve_Jan-21_LR_1.pdf', '/mnt/d/Programming/convoai/server/temp/attachments/arkay_windows/UPVC-Liniar-Windows_Jan-21_LR_1.pdf', '/mnt/d/Programming/convoai/server/temp/attachments/arkay_windows/Aluk-Optio-588W-Flush-Window-Web_1.pdf', '/mnt/d/Programming/convoai/server/temp/attachments/arkay_windows/Arkay_infiniLANTERN-A4-_Jan-21_V5_LR_1.pdf', '/mnt/d/Programming/convoai/server/temp/attachments/arkay_windows/Arkay_InfiniGlide3_Brochure_1.pdf', '/mnt/d/Programming/convoai/server/temp/attachments/arkay_windows/Arkay_PallazzoBrochure-Digital_1.pdf']
2024-11-06 16:03:55,453 | INFO | 4737 | Saved the following attachements: ['/mnt/d/Programming/convoai/server/temp/attachments/arkay_windows/Akay-Unifold-HI-Brochure-Dec-23-1.pdf', '/mnt/d/Programming/convoai/server/temp/attachments/arkay_windows/Arkay_EG-35mm-Product-Brochure_1.pdf', '/mnt/d/Programming/convoai/server/temp/attachments/arkay_windows/Arkay_Unifold_V2_Dec-21_LR_1.pdf', '/mnt/d/Programming/convoai/server/temp/attachments/arkay_windows/Aluk-BSF70-bifold_Jan-21_LR_1.pdf', '/mnt/d/Programming/convoai/server/temp/attachments/arkay_windows/Aluk-Optio-58BW-Flush-Window_Feb21_LR_1.pdf', '/mnt/d/Programming/convoai/server/temp/attachments/arkay_windows/Arkay-Windows-InfiniGLIDE-3-cill-and-drainage_1.pdf', '/mnt/d/Programming/convoai/server/temp/attachments/arkay_windows/Akay-Unifold-HI-Brochure-Nov-23_1.pdf', '/mnt/d/Programming/convoai/server/temp/attachments/arkay_windows/Aluk-58BW-ST-Window_Jan-21_LR_1.pdf', '/mnt/d/Programming/convoai/server/temp/attachments/arkay_windows/UPVC-Sliding-Door_Evolve_Jan-21_LR_1.pdf', '/mnt/d/Programming/convoai/server/temp/attachments/arkay_windows/UPVC-Liniar-Windows_Jan-21_LR_1.pdf', '/mnt/d/Programming/convoai/server/temp/attachments/arkay_windows/Aluk-Optio-588W-Flush-Window-Web_1.pdf', '/mnt/d/Programming/convoai/server/temp/attachments/arkay_windows/Arkay_infiniLANTERN-A4-_Jan-21_V5_LR_1.pdf', '/mnt/d/Programming/convoai/server/temp/attachments/arkay_windows/Arkay_InfiniGlide3_Brochure_1.pdf', '/mnt/d/Programming/convoai/server/temp/attachments/arkay_windows/Arkay_PallazzoBrochure-Digital_1.pdf', '/mnt/d/Programming/convoai/server/temp/attachments/arkay_windows/Schuco-ASE-60-Sliding-Door-1_1.pdf']
2024-11-06 16:03:57,817 | INFO | 4737 | Saved the following attachements: ['/mnt/d/Programming/convoai/server/temp/attachments/arkay_windows/Akay-Unifold-HI-Brochure-Dec-23-1.pdf', '/mnt/d/Programming/convoai/server/temp/attachments/arkay_windows/Arkay_EG-35mm-Product-Brochure_1.pdf', '/mnt/d/Programming/convoai/server/temp/attachments/arkay_windows/Arkay_Unifold_V2_Dec-21_LR_1.pdf', '/mnt/d/Programming/convoai/server/temp/attachments/arkay_windows/Aluk-BSF70-bifold_Jan-21_LR_1.pdf', '/mnt/d/Programming/convoai/server/temp/attachments/arkay_windows/Aluk-Optio-58BW-Flush-Window_Feb21_LR_1.pdf', '/mnt/d/Programming/convoai/server/temp/attachments/arkay_windows/Arkay-Windows-InfiniGLIDE-3-cill-and-drainage_1.pdf', '/mnt/d/Programming/convoai/server/temp/attachments/arkay_windows/Akay-Unifold-HI-Brochure-Nov-23_1.pdf', '/mnt/d/Programming/convoai/server/temp/attachments/arkay_windows/Aluk-58BW-ST-Window_Jan-21_LR_1.pdf', '/mnt/d/Programming/convoai/server/temp/attachments/arkay_windows/UPVC-Sliding-Door_Evolve_Jan-21_LR_1.pdf', '/mnt/d/Programming/convoai/server/temp/attachments/arkay_windows/UPVC-Liniar-Windows_Jan-21_LR_1.pdf', '/mnt/d/Programming/convoai/server/temp/attachments/arkay_windows/Aluk-Optio-588W-Flush-Window-Web_1.pdf', '/mnt/d/Programming/convoai/server/temp/attachments/arkay_windows/Arkay_infiniLANTERN-A4-_Jan-21_V5_LR_1.pdf', '/mnt/d/Programming/convoai/server/temp/attachments/arkay_windows/Arkay_InfiniGlide3_Brochure_1.pdf', '/mnt/d/Programming/convoai/server/temp/attachments/arkay_windows/Arkay_PallazzoBrochure-Digital_1.pdf', '/mnt/d/Programming/convoai/server/temp/attachments/arkay_windows/Schuco-ASE-60-Sliding-Door-1_1.pdf', '/mnt/d/Programming/convoai/server/temp/attachments/arkay_windows/UPVC-VS_1.pdf']
2024-11-06 16:04:03,317 | ERROR | 4737 | Got an error while scraping https://www.arkaywindows.com/ : The read operation timed out
2024-11-06 16:04:06,350 | INFO | 4737 | Saved the following attachements: ['/mnt/d/Programming/convoai/server/temp/attachments/arkay_windows/Akay-Unifold-HI-Brochure-Dec-23-1.pdf', '/mnt/d/Programming/convoai/server/temp/attachments/arkay_windows/Arkay_EG-35mm-Product-Brochure_1.pdf', '/mnt/d/Programming/convoai/server/temp/attachments/arkay_windows/Arkay_Unifold_V2_Dec-21_LR_1.pdf', '/mnt/d/Programming/convoai/server/temp/attachments/arkay_windows/Aluk-BSF70-bifold_Jan-21_LR_1.pdf', '/mnt/d/Programming/convoai/server/temp/attachments/arkay_windows/Aluk-Optio-58BW-Flush-Window_Feb21_LR_1.pdf', '/mnt/d/Programming/convoai/server/temp/attachments/arkay_windows/Arkay-Windows-InfiniGLIDE-3-cill-and-drainage_1.pdf', '/mnt/d/Programming/convoai/server/temp/attachments/arkay_windows/Akay-Unifold-HI-Brochure-Nov-23_1.pdf', '/mnt/d/Programming/convoai/server/temp/attachments/arkay_windows/Aluk-58BW-ST-Window_Jan-21_LR_1.pdf', '/mnt/d/Programming/convoai/server/temp/attachments/arkay_windows/UPVC-Sliding-Door_Evolve_Jan-21_LR_1.pdf', '/mnt/d/Programming/convoai/server/temp/attachments/arkay_windows/UPVC-Liniar-Windows_Jan-21_LR_1.pdf', '/mnt/d/Programming/convoai/server/temp/attachments/arkay_windows/Aluk-Optio-588W-Flush-Window-Web_1.pdf', '/mnt/d/Programming/convoai/server/temp/attachments/arkay_windows/Arkay_infiniLANTERN-A4-_Jan-21_V5_LR_1.pdf', '/mnt/d/Programming/convoai/server/temp/attachments/arkay_windows/Arkay_InfiniGlide3_Brochure_1.pdf', '/mnt/d/Programming/convoai/server/temp/attachments/arkay_windows/Arkay_PallazzoBrochure-Digital_1.pdf', '/mnt/d/Programming/convoai/server/temp/attachments/arkay_windows/Schuco-ASE-60-Sliding-Door-1_1.pdf', '/mnt/d/Programming/convoai/server/temp/attachments/arkay_windows/UPVC-VS_1.pdf', '/mnt/d/Programming/convoai/server/temp/attachments/arkay_windows/Schuco-ASS-50-Sliding-Door_Jan-21_LR_1.pdf']
2024-11-06 16:04:08,369 | INFO | 4737 | Saved the following attachements: ['/mnt/d/Programming/convoai/server/temp/attachments/arkay_windows/Akay-Unifold-HI-Brochure-Dec-23-1.pdf', '/mnt/d/Programming/convoai/server/temp/attachments/arkay_windows/Arkay_EG-35mm-Product-Brochure_1.pdf', '/mnt/d/Programming/convoai/server/temp/attachments/arkay_windows/Arkay_Unifold_V2_Dec-21_LR_1.pdf', '/mnt/d/Programming/convoai/server/temp/attachments/arkay_windows/Aluk-BSF70-bifold_Jan-21_LR_1.pdf', '/mnt/d/Programming/convoai/server/temp/attachments/arkay_windows/Aluk-Optio-58BW-Flush-Window_Feb21_LR_1.pdf', '/mnt/d/Programming/convoai/server/temp/attachments/arkay_windows/Arkay-Windows-InfiniGLIDE-3-cill-and-drainage_1.pdf', '/mnt/d/Programming/convoai/server/temp/attachments/arkay_windows/Akay-Unifold-HI-Brochure-Nov-23_1.pdf', '/mnt/d/Programming/convoai/server/temp/attachments/arkay_windows/Aluk-58BW-ST-Window_Jan-21_LR_1.pdf', '/mnt/d/Programming/convoai/server/temp/attachments/arkay_windows/UPVC-Sliding-Door_Evolve_Jan-21_LR_1.pdf', '/mnt/d/Programming/convoai/server/temp/attachments/arkay_windows/UPVC-Liniar-Windows_Jan-21_LR_1.pdf', '/mnt/d/Programming/convoai/server/temp/attachments/arkay_windows/Aluk-Optio-588W-Flush-Window-Web_1.pdf', '/mnt/d/Programming/convoai/server/temp/attachments/arkay_windows/Arkay_infiniLANTERN-A4-_Jan-21_V5_LR_1.pdf', '/mnt/d/Programming/convoai/server/temp/attachments/arkay_windows/Arkay_InfiniGlide3_Brochure_1.pdf', '/mnt/d/Programming/convoai/server/temp/attachments/arkay_windows/Arkay_PallazzoBrochure-Digital_1.pdf', '/mnt/d/Programming/convoai/server/temp/attachments/arkay_windows/Schuco-ASE-60-Sliding-Door-1_1.pdf', '/mnt/d/Programming/convoai/server/temp/attachments/arkay_windows/UPVC-VS_1.pdf', '/mnt/d/Programming/convoai/server/temp/attachments/arkay_windows/Schuco-ASS-50-Sliding-Door_Jan-21_LR_1.pdf', '/mnt/d/Programming/convoai/server/temp/attachments/arkay_windows/Aluk-58BW-Normal-Casement_Feb21_LR_1.pdf']
2024-11-06 16:04:10,079 | INFO | 4737 | Saved the following attachements: ['/mnt/d/Programming/convoai/server/temp/attachments/arkay_windows/Akay-Unifold-HI-Brochure-Dec-23-1.pdf', '/mnt/d/Programming/convoai/server/temp/attachments/arkay_windows/Arkay_EG-35mm-Product-Brochure_1.pdf', '/mnt/d/Programming/convoai/server/temp/attachments/arkay_windows/Arkay_Unifold_V2_Dec-21_LR_1.pdf', '/mnt/d/Programming/convoai/server/temp/attachments/arkay_windows/Aluk-BSF70-bifold_Jan-21_LR_1.pdf', '/mnt/d/Programming/convoai/server/temp/attachments/arkay_windows/Aluk-Optio-58BW-Flush-Window_Feb21_LR_1.pdf', '/mnt/d/Programming/convoai/server/temp/attachments/arkay_windows/Arkay-Windows-InfiniGLIDE-3-cill-and-drainage_1.pdf', '/mnt/d/Programming/convoai/server/temp/attachments/arkay_windows/Akay-Unifold-HI-Brochure-Nov-23_1.pdf', '/mnt/d/Programming/convoai/server/temp/attachments/arkay_windows/Aluk-58BW-ST-Window_Jan-21_LR_1.pdf', '/mnt/d/Programming/convoai/server/temp/attachments/arkay_windows/UPVC-Sliding-Door_Evolve_Jan-21_LR_1.pdf', '/mnt/d/Programming/convoai/server/temp/attachments/arkay_windows/UPVC-Liniar-Windows_Jan-21_LR_1.pdf', '/mnt/d/Programming/convoai/server/temp/attachments/arkay_windows/Aluk-Optio-588W-Flush-Window-Web_1.pdf', '/mnt/d/Programming/convoai/server/temp/attachments/arkay_windows/Arkay_infiniLANTERN-A4-_Jan-21_V5_LR_1.pdf', '/mnt/d/Programming/convoai/server/temp/attachments/arkay_windows/Arkay_InfiniGlide3_Brochure_1.pdf', '/mnt/d/Programming/convoai/server/temp/attachments/arkay_windows/Arkay_PallazzoBrochure-Digital_1.pdf', '/mnt/d/Programming/convoai/server/temp/attachments/arkay_windows/Schuco-ASE-60-Sliding-Door-1_1.pdf', '/mnt/d/Programming/convoai/server/temp/attachments/arkay_windows/UPVC-VS_1.pdf', '/mnt/d/Programming/convoai/server/temp/attachments/arkay_windows/Schuco-ASS-50-Sliding-Door_Jan-21_LR_1.pdf', '/mnt/d/Programming/convoai/server/temp/attachments/arkay_windows/Aluk-58BW-Normal-Casement_Feb21_LR_1.pdf', '/mnt/d/Programming/convoai/server/temp/attachments/arkay_windows/InfiniLIGHT-Typical-Section-Detail_1.pdf']
2024-11-06 16:04:12,248 | INFO | 4737 | Saved the following attachements: ['/mnt/d/Programming/convoai/server/temp/attachments/arkay_windows/Akay-Unifold-HI-Brochure-Dec-23-1.pdf', '/mnt/d/Programming/convoai/server/temp/attachments/arkay_windows/Arkay_EG-35mm-Product-Brochure_1.pdf', '/mnt/d/Programming/convoai/server/temp/attachments/arkay_windows/Arkay_Unifold_V2_Dec-21_LR_1.pdf', '/mnt/d/Programming/convoai/server/temp/attachments/arkay_windows/Aluk-BSF70-bifold_Jan-21_LR_1.pdf', '/mnt/d/Programming/convoai/server/temp/attachments/arkay_windows/Aluk-Optio-58BW-Flush-Window_Feb21_LR_1.pdf', '/mnt/d/Programming/convoai/server/temp/attachments/arkay_windows/Arkay-Windows-InfiniGLIDE-3-cill-and-drainage_1.pdf', '/mnt/d/Programming/convoai/server/temp/attachments/arkay_windows/Akay-Unifold-HI-Brochure-Nov-23_1.pdf', '/mnt/d/Programming/convoai/server/temp/attachments/arkay_windows/Aluk-58BW-ST-Window_Jan-21_LR_1.pdf', '/mnt/d/Programming/convoai/server/temp/attachments/arkay_windows/UPVC-Sliding-Door_Evolve_Jan-21_LR_1.pdf', '/mnt/d/Programming/convoai/server/temp/attachments/arkay_windows/UPVC-Liniar-Windows_Jan-21_LR_1.pdf', '/mnt/d/Programming/convoai/server/temp/attachments/arkay_windows/Aluk-Optio-588W-Flush-Window-Web_1.pdf', '/mnt/d/Programming/convoai/server/temp/attachments/arkay_windows/Arkay_infiniLANTERN-A4-_Jan-21_V5_LR_1.pdf', '/mnt/d/Programming/convoai/server/temp/attachments/arkay_windows/Arkay_InfiniGlide3_Brochure_1.pdf', '/mnt/d/Programming/convoai/server/temp/attachments/arkay_windows/Arkay_PallazzoBrochure-Digital_1.pdf', '/mnt/d/Programming/convoai/server/temp/attachments/arkay_windows/Schuco-ASE-60-Sliding-Door-1_1.pdf', '/mnt/d/Programming/convoai/server/temp/attachments/arkay_windows/UPVC-VS_1.pdf', '/mnt/d/Programming/convoai/server/temp/attachments/arkay_windows/Schuco-ASS-50-Sliding-Door_Jan-21_LR_1.pdf', '/mnt/d/Programming/convoai/server/temp/attachments/arkay_windows/Aluk-58BW-Normal-Casement_Feb21_LR_1.pdf', '/mnt/d/Programming/convoai/server/temp/attachments/arkay_windows/InfiniLIGHT-Typical-Section-Detail_1.pdf', '/mnt/d/Programming/convoai/server/temp/attachments/arkay_windows/Arkay_infiniLIGHT-Product-Brochure_1.pdf']
2024-11-06 16:04:13,832 | INFO | 4737 | Saved the following attachements: ['/mnt/d/Programming/convoai/server/temp/attachments/arkay_windows/Akay-Unifold-HI-Brochure-Dec-23-1.pdf', '/mnt/d/Programming/convoai/server/temp/attachments/arkay_windows/Arkay_EG-35mm-Product-Brochure_1.pdf', '/mnt/d/Programming/convoai/server/temp/attachments/arkay_windows/Arkay_Unifold_V2_Dec-21_LR_1.pdf', '/mnt/d/Programming/convoai/server/temp/attachments/arkay_windows/Aluk-BSF70-bifold_Jan-21_LR_1.pdf', '/mnt/d/Programming/convoai/server/temp/attachments/arkay_windows/Aluk-Optio-58BW-Flush-Window_Feb21_LR_1.pdf', '/mnt/d/Programming/convoai/server/temp/attachments/arkay_windows/Arkay-Windows-InfiniGLIDE-3-cill-and-drainage_1.pdf', '/mnt/d/Programming/convoai/server/temp/attachments/arkay_windows/Akay-Unifold-HI-Brochure-Nov-23_1.pdf', '/mnt/d/Programming/convoai/server/temp/attachments/arkay_windows/Aluk-58BW-ST-Window_Jan-21_LR_1.pdf', '/mnt/d/Programming/convoai/server/temp/attachments/arkay_windows/UPVC-Sliding-Door_Evolve_Jan-21_LR_1.pdf', '/mnt/d/Programming/convoai/server/temp/attachments/arkay_windows/UPVC-Liniar-Windows_Jan-21_LR_1.pdf', '/mnt/d/Programming/convoai/server/temp/attachments/arkay_windows/Aluk-Optio-588W-Flush-Window-Web_1.pdf', '/mnt/d/Programming/convoai/server/temp/attachments/arkay_windows/Arkay_infiniLANTERN-A4-_Jan-21_V5_LR_1.pdf', '/mnt/d/Programming/convoai/server/temp/attachments/arkay_windows/Arkay_InfiniGlide3_Brochure_1.pdf', '/mnt/d/Programming/convoai/server/temp/attachments/arkay_windows/Arkay_PallazzoBrochure-Digital_1.pdf', '/mnt/d/Programming/convoai/server/temp/attachments/arkay_windows/Schuco-ASE-60-Sliding-Door-1_1.pdf', '/mnt/d/Programming/convoai/server/temp/attachments/arkay_windows/UPVC-VS_1.pdf', '/mnt/d/Programming/convoai/server/temp/attachments/arkay_windows/Schuco-ASS-50-Sliding-Door_Jan-21_LR_1.pdf', '/mnt/d/Programming/convoai/server/temp/attachments/arkay_windows/Aluk-58BW-Normal-Casement_Feb21_LR_1.pdf', '/mnt/d/Programming/convoai/server/temp/attachments/arkay_windows/InfiniLIGHT-Typical-Section-Detail_1.pdf', '/mnt/d/Programming/convoai/server/temp/attachments/arkay_windows/Arkay_infiniLIGHT-Product-Brochure_1.pdf', '/mnt/d/Programming/convoai/server/temp/attachments/arkay_windows/Vernada-Product-Sheet-Digital_1.pdf']
2024-11-06 16:04:15,844 | INFO | 4737 | Saved the following attachements: ['/mnt/d/Programming/convoai/server/temp/attachments/arkay_windows/Akay-Unifold-HI-Brochure-Dec-23-1.pdf', '/mnt/d/Programming/convoai/server/temp/attachments/arkay_windows/Arkay_EG-35mm-Product-Brochure_1.pdf', '/mnt/d/Programming/convoai/server/temp/attachments/arkay_windows/Arkay_Unifold_V2_Dec-21_LR_1.pdf', '/mnt/d/Programming/convoai/server/temp/attachments/arkay_windows/Aluk-BSF70-bifold_Jan-21_LR_1.pdf', '/mnt/d/Programming/convoai/server/temp/attachments/arkay_windows/Aluk-Optio-58BW-Flush-Window_Feb21_LR_1.pdf', '/mnt/d/Programming/convoai/server/temp/attachments/arkay_windows/Arkay-Windows-InfiniGLIDE-3-cill-and-drainage_1.pdf', '/mnt/d/Programming/convoai/server/temp/attachments/arkay_windows/Akay-Unifold-HI-Brochure-Nov-23_1.pdf', '/mnt/d/Programming/convoai/server/temp/attachments/arkay_windows/Aluk-58BW-ST-Window_Jan-21_LR_1.pdf', '/mnt/d/Programming/convoai/server/temp/attachments/arkay_windows/UPVC-Sliding-Door_Evolve_Jan-21_LR_1.pdf', '/mnt/d/Programming/convoai/server/temp/attachments/arkay_windows/UPVC-Liniar-Windows_Jan-21_LR_1.pdf', '/mnt/d/Programming/convoai/server/temp/attachments/arkay_windows/Aluk-Optio-588W-Flush-Window-Web_1.pdf', '/mnt/d/Programming/convoai/server/temp/attachments/arkay_windows/Arkay_infiniLANTERN-A4-_Jan-21_V5_LR_1.pdf', '/mnt/d/Programming/convoai/server/temp/attachments/arkay_windows/Arkay_InfiniGlide3_Brochure_1.pdf', '/mnt/d/Programming/convoai/server/temp/attachments/arkay_windows/Arkay_PallazzoBrochure-Digital_1.pdf', '/mnt/d/Programming/convoai/server/temp/attachments/arkay_windows/Schuco-ASE-60-Sliding-Door-1_1.pdf', '/mnt/d/Programming/convoai/server/temp/attachments/arkay_windows/UPVC-VS_1.pdf', '/mnt/d/Programming/convoai/server/temp/attachments/arkay_windows/Schuco-ASS-50-Sliding-Door_Jan-21_LR_1.pdf', '/mnt/d/Programming/convoai/server/temp/attachments/arkay_windows/Aluk-58BW-Normal-Casement_Feb21_LR_1.pdf', '/mnt/d/Programming/convoai/server/temp/attachments/arkay_windows/InfiniLIGHT-Typical-Section-Detail_1.pdf', '/mnt/d/Programming/convoai/server/temp/attachments/arkay_windows/Arkay_infiniLIGHT-Product-Brochure_1.pdf', '/mnt/d/Programming/convoai/server/temp/attachments/arkay_windows/Vernada-Product-Sheet-Digital_1.pdf', '/mnt/d/Programming/convoai/server/temp/attachments/arkay_windows/UPVC-DOOR_1.pdf']
2024-11-06 16:04:21,466 | ERROR | 4737 | Got an error while scraping https://www.arkaywindows.com/ : The read operation timed out
2024-11-06 16:04:24,762 | INFO | 4737 | Saved the following attachements: ['/mnt/d/Programming/convoai/server/temp/attachments/arkay_windows/Akay-Unifold-HI-Brochure-Dec-23-1.pdf', '/mnt/d/Programming/convoai/server/temp/attachments/arkay_windows/Arkay_EG-35mm-Product-Brochure_1.pdf', '/mnt/d/Programming/convoai/server/temp/attachments/arkay_windows/Arkay_Unifold_V2_Dec-21_LR_1.pdf', '/mnt/d/Programming/convoai/server/temp/attachments/arkay_windows/Aluk-BSF70-bifold_Jan-21_LR_1.pdf', '/mnt/d/Programming/convoai/server/temp/attachments/arkay_windows/Aluk-Optio-58BW-Flush-Window_Feb21_LR_1.pdf', '/mnt/d/Programming/convoai/server/temp/attachments/arkay_windows/Arkay-Windows-InfiniGLIDE-3-cill-and-drainage_1.pdf', '/mnt/d/Programming/convoai/server/temp/attachments/arkay_windows/Akay-Unifold-HI-Brochure-Nov-23_1.pdf', '/mnt/d/Programming/convoai/server/temp/attachments/arkay_windows/Aluk-58BW-ST-Window_Jan-21_LR_1.pdf', '/mnt/d/Programming/convoai/server/temp/attachments/arkay_windows/UPVC-Sliding-Door_Evolve_Jan-21_LR_1.pdf', '/mnt/d/Programming/convoai/server/temp/attachments/arkay_windows/UPVC-Liniar-Windows_Jan-21_LR_1.pdf', '/mnt/d/Programming/convoai/server/temp/attachments/arkay_windows/Aluk-Optio-588W-Flush-Window-Web_1.pdf', '/mnt/d/Programming/convoai/server/temp/attachments/arkay_windows/Arkay_infiniLANTERN-A4-_Jan-21_V5_LR_1.pdf', '/mnt/d/Programming/convoai/server/temp/attachments/arkay_windows/Arkay_InfiniGlide3_Brochure_1.pdf', '/mnt/d/Programming/convoai/server/temp/attachments/arkay_windows/Arkay_PallazzoBrochure-Digital_1.pdf', '/mnt/d/Programming/convoai/server/temp/attachments/arkay_windows/Schuco-ASE-60-Sliding-Door-1_1.pdf', '/mnt/d/Programming/convoai/server/temp/attachments/arkay_windows/UPVC-VS_1.pdf', '/mnt/d/Programming/convoai/server/temp/attachments/arkay_windows/Schuco-ASS-50-Sliding-Door_Jan-21_LR_1.pdf', '/mnt/d/Programming/convoai/server/temp/attachments/arkay_windows/Aluk-58BW-Normal-Casement_Feb21_LR_1.pdf', '/mnt/d/Programming/convoai/server/temp/attachments/arkay_windows/InfiniLIGHT-Typical-Section-Detail_1.pdf', '/mnt/d/Programming/convoai/server/temp/attachments/arkay_windows/Arkay_infiniLIGHT-Product-Brochure_1.pdf', '/mnt/d/Programming/convoai/server/temp/attachments/arkay_windows/Vernada-Product-Sheet-Digital_1.pdf', '/mnt/d/Programming/convoai/server/temp/attachments/arkay_windows/UPVC-DOOR_1.pdf', '/mnt/d/Programming/convoai/server/temp/attachments/arkay_windows/Aluk-GT55-Commercial-Door_Mar-21-1_1.pdf']
2024-11-06 16:04:26,538 | INFO | 4737 | Saved the following attachements: ['/mnt/d/Programming/convoai/server/temp/attachments/arkay_windows/Akay-Unifold-HI-Brochure-Dec-23-1.pdf', '/mnt/d/Programming/convoai/server/temp/attachments/arkay_windows/Arkay_EG-35mm-Product-Brochure_1.pdf', '/mnt/d/Programming/convoai/server/temp/attachments/arkay_windows/Arkay_Unifold_V2_Dec-21_LR_1.pdf', '/mnt/d/Programming/convoai/server/temp/attachments/arkay_windows/Aluk-BSF70-bifold_Jan-21_LR_1.pdf', '/mnt/d/Programming/convoai/server/temp/attachments/arkay_windows/Aluk-Optio-58BW-Flush-Window_Feb21_LR_1.pdf', '/mnt/d/Programming/convoai/server/temp/attachments/arkay_windows/Arkay-Windows-InfiniGLIDE-3-cill-and-drainage_1.pdf', '/mnt/d/Programming/convoai/server/temp/attachments/arkay_windows/Akay-Unifold-HI-Brochure-Nov-23_1.pdf', '/mnt/d/Programming/convoai/server/temp/attachments/arkay_windows/Aluk-58BW-ST-Window_Jan-21_LR_1.pdf', '/mnt/d/Programming/convoai/server/temp/attachments/arkay_windows/UPVC-Sliding-Door_Evolve_Jan-21_LR_1.pdf', '/mnt/d/Programming/convoai/server/temp/attachments/arkay_windows/UPVC-Liniar-Windows_Jan-21_LR_1.pdf', '/mnt/d/Programming/convoai/server/temp/attachments/arkay_windows/Aluk-Optio-588W-Flush-Window-Web_1.pdf', '/mnt/d/Programming/convoai/server/temp/attachments/arkay_windows/Arkay_infiniLANTERN-A4-_Jan-21_V5_LR_1.pdf', '/mnt/d/Programming/convoai/server/temp/attachments/arkay_windows/Arkay_InfiniGlide3_Brochure_1.pdf', '/mnt/d/Programming/convoai/server/temp/attachments/arkay_windows/Arkay_PallazzoBrochure-Digital_1.pdf', '/mnt/d/Programming/convoai/server/temp/attachments/arkay_windows/Schuco-ASE-60-Sliding-Door-1_1.pdf', '/mnt/d/Programming/convoai/server/temp/attachments/arkay_windows/UPVC-VS_1.pdf', '/mnt/d/Programming/convoai/server/temp/attachments/arkay_windows/Schuco-ASS-50-Sliding-Door_Jan-21_LR_1.pdf', '/mnt/d/Programming/convoai/server/temp/attachments/arkay_windows/Aluk-58BW-Normal-Casement_Feb21_LR_1.pdf', '/mnt/d/Programming/convoai/server/temp/attachments/arkay_windows/InfiniLIGHT-Typical-Section-Detail_1.pdf', '/mnt/d/Programming/convoai/server/temp/attachments/arkay_windows/Arkay_infiniLIGHT-Product-Brochure_1.pdf', '/mnt/d/Programming/convoai/server/temp/attachments/arkay_windows/Vernada-Product-Sheet-Digital_1.pdf', '/mnt/d/Programming/convoai/server/temp/attachments/arkay_windows/UPVC-DOOR_1.pdf', '/mnt/d/Programming/convoai/server/temp/attachments/arkay_windows/Aluk-GT55-Commercial-Door_Mar-21-1_1.pdf', '/mnt/d/Programming/convoai/server/temp/attachments/arkay_windows/Pirnar-Door_Jan-21_LR_1.pdf']
2024-11-06 16:04:28,298 | INFO | 4737 | Saved the following attachements: ['/mnt/d/Programming/convoai/server/temp/attachments/arkay_windows/Akay-Unifold-HI-Brochure-Dec-23-1.pdf', '/mnt/d/Programming/convoai/server/temp/attachments/arkay_windows/Arkay_EG-35mm-Product-Brochure_1.pdf', '/mnt/d/Programming/convoai/server/temp/attachments/arkay_windows/Arkay_Unifold_V2_Dec-21_LR_1.pdf', '/mnt/d/Programming/convoai/server/temp/attachments/arkay_windows/Aluk-BSF70-bifold_Jan-21_LR_1.pdf', '/mnt/d/Programming/convoai/server/temp/attachments/arkay_windows/Aluk-Optio-58BW-Flush-Window_Feb21_LR_1.pdf', '/mnt/d/Programming/convoai/server/temp/attachments/arkay_windows/Arkay-Windows-InfiniGLIDE-3-cill-and-drainage_1.pdf', '/mnt/d/Programming/convoai/server/temp/attachments/arkay_windows/Akay-Unifold-HI-Brochure-Nov-23_1.pdf', '/mnt/d/Programming/convoai/server/temp/attachments/arkay_windows/Aluk-58BW-ST-Window_Jan-21_LR_1.pdf', '/mnt/d/Programming/convoai/server/temp/attachments/arkay_windows/UPVC-Sliding-Door_Evolve_Jan-21_LR_1.pdf', '/mnt/d/Programming/convoai/server/temp/attachments/arkay_windows/UPVC-Liniar-Windows_Jan-21_LR_1.pdf', '/mnt/d/Programming/convoai/server/temp/attachments/arkay_windows/Aluk-Optio-588W-Flush-Window-Web_1.pdf', '/mnt/d/Programming/convoai/server/temp/attachments/arkay_windows/Arkay_infiniLANTERN-A4-_Jan-21_V5_LR_1.pdf', '/mnt/d/Programming/convoai/server/temp/attachments/arkay_windows/Arkay_InfiniGlide3_Brochure_1.pdf', '/mnt/d/Programming/convoai/server/temp/attachments/arkay_windows/Arkay_PallazzoBrochure-Digital_1.pdf', '/mnt/d/Programming/convoai/server/temp/attachments/arkay_windows/Schuco-ASE-60-Sliding-Door-1_1.pdf', '/mnt/d/Programming/convoai/server/temp/attachments/arkay_windows/UPVC-VS_1.pdf', '/mnt/d/Programming/convoai/server/temp/attachments/arkay_windows/Schuco-ASS-50-Sliding-Door_Jan-21_LR_1.pdf', '/mnt/d/Programming/convoai/server/temp/attachments/arkay_windows/Aluk-58BW-Normal-Casement_Feb21_LR_1.pdf', '/mnt/d/Programming/convoai/server/temp/attachments/arkay_windows/InfiniLIGHT-Typical-Section-Detail_1.pdf', '/mnt/d/Programming/convoai/server/temp/attachments/arkay_windows/Arkay_infiniLIGHT-Product-Brochure_1.pdf', '/mnt/d/Programming/convoai/server/temp/attachments/arkay_windows/Vernada-Product-Sheet-Digital_1.pdf', '/mnt/d/Programming/convoai/server/temp/attachments/arkay_windows/UPVC-DOOR_1.pdf', '/mnt/d/Programming/convoai/server/temp/attachments/arkay_windows/Aluk-GT55-Commercial-Door_Mar-21-1_1.pdf', '/mnt/d/Programming/convoai/server/temp/attachments/arkay_windows/Pirnar-Door_Jan-21_LR_1.pdf', '/mnt/d/Programming/convoai/server/temp/attachments/arkay_windows/UPVC_Composite-Entrance-Door_Jan-21_LR_1.pdf']
2024-11-06 16:04:32,698 | INFO | 4737 | Saved the following attachements: ['/mnt/d/Programming/convoai/server/temp/attachments/arkay_windows/Akay-Unifold-HI-Brochure-Dec-23-1.pdf', '/mnt/d/Programming/convoai/server/temp/attachments/arkay_windows/Arkay_EG-35mm-Product-Brochure_1.pdf', '/mnt/d/Programming/convoai/server/temp/attachments/arkay_windows/Arkay_Unifold_V2_Dec-21_LR_1.pdf', '/mnt/d/Programming/convoai/server/temp/attachments/arkay_windows/Aluk-BSF70-bifold_Jan-21_LR_1.pdf', '/mnt/d/Programming/convoai/server/temp/attachments/arkay_windows/Aluk-Optio-58BW-Flush-Window_Feb21_LR_1.pdf', '/mnt/d/Programming/convoai/server/temp/attachments/arkay_windows/Arkay-Windows-InfiniGLIDE-3-cill-and-drainage_1.pdf', '/mnt/d/Programming/convoai/server/temp/attachments/arkay_windows/Akay-Unifold-HI-Brochure-Nov-23_1.pdf', '/mnt/d/Programming/convoai/server/temp/attachments/arkay_windows/Aluk-58BW-ST-Window_Jan-21_LR_1.pdf', '/mnt/d/Programming/convoai/server/temp/attachments/arkay_windows/UPVC-Sliding-Door_Evolve_Jan-21_LR_1.pdf', '/mnt/d/Programming/convoai/server/temp/attachments/arkay_windows/UPVC-Liniar-Windows_Jan-21_LR_1.pdf', '/mnt/d/Programming/convoai/server/temp/attachments/arkay_windows/Aluk-Optio-588W-Flush-Window-Web_1.pdf', '/mnt/d/Programming/convoai/server/temp/attachments/arkay_windows/Arkay_infiniLANTERN-A4-_Jan-21_V5_LR_1.pdf', '/mnt/d/Programming/convoai/server/temp/attachments/arkay_windows/Arkay_InfiniGlide3_Brochure_1.pdf', '/mnt/d/Programming/convoai/server/temp/attachments/arkay_windows/Arkay_PallazzoBrochure-Digital_1.pdf', '/mnt/d/Programming/convoai/server/temp/attachments/arkay_windows/Schuco-ASE-60-Sliding-Door-1_1.pdf', '/mnt/d/Programming/convoai/server/temp/attachments/arkay_windows/UPVC-VS_1.pdf', '/mnt/d/Programming/convoai/server/temp/attachments/arkay_windows/Schuco-ASS-50-Sliding-Door_Jan-21_LR_1.pdf', '/mnt/d/Programming/convoai/server/temp/attachments/arkay_windows/Aluk-58BW-Normal-Casement_Feb21_LR_1.pdf', '/mnt/d/Programming/convoai/server/temp/attachments/arkay_windows/InfiniLIGHT-Typical-Section-Detail_1.pdf', '/mnt/d/Programming/convoai/server/temp/attachments/arkay_windows/Arkay_infiniLIGHT-Product-Brochure_1.pdf', '/mnt/d/Programming/convoai/server/temp/attachments/arkay_windows/Vernada-Product-Sheet-Digital_1.pdf', '/mnt/d/Programming/convoai/server/temp/attachments/arkay_windows/UPVC-DOOR_1.pdf', '/mnt/d/Programming/convoai/server/temp/attachments/arkay_windows/Aluk-GT55-Commercial-Door_Mar-21-1_1.pdf', '/mnt/d/Programming/convoai/server/temp/attachments/arkay_windows/Pirnar-Door_Jan-21_LR_1.pdf', '/mnt/d/Programming/convoai/server/temp/attachments/arkay_windows/UPVC_Composite-Entrance-Door_Jan-21_LR_1.pdf', '/mnt/d/Programming/convoai/server/temp/attachments/arkay_windows/Schuco-ADS-70-HD_Door-Jan-21_LR-1_1.pdf']
2024-11-06 16:04:34,428 | INFO | 4737 | Saved the following attachements: ['/mnt/d/Programming/convoai/server/temp/attachments/arkay_windows/Akay-Unifold-HI-Brochure-Dec-23-1.pdf', '/mnt/d/Programming/convoai/server/temp/attachments/arkay_windows/Arkay_EG-35mm-Product-Brochure_1.pdf', '/mnt/d/Programming/convoai/server/temp/attachments/arkay_windows/Arkay_Unifold_V2_Dec-21_LR_1.pdf', '/mnt/d/Programming/convoai/server/temp/attachments/arkay_windows/Aluk-BSF70-bifold_Jan-21_LR_1.pdf', '/mnt/d/Programming/convoai/server/temp/attachments/arkay_windows/Aluk-Optio-58BW-Flush-Window_Feb21_LR_1.pdf', '/mnt/d/Programming/convoai/server/temp/attachments/arkay_windows/Arkay-Windows-InfiniGLIDE-3-cill-and-drainage_1.pdf', '/mnt/d/Programming/convoai/server/temp/attachments/arkay_windows/Akay-Unifold-HI-Brochure-Nov-23_1.pdf', '/mnt/d/Programming/convoai/server/temp/attachments/arkay_windows/Aluk-58BW-ST-Window_Jan-21_LR_1.pdf', '/mnt/d/Programming/convoai/server/temp/attachments/arkay_windows/UPVC-Sliding-Door_Evolve_Jan-21_LR_1.pdf', '/mnt/d/Programming/convoai/server/temp/attachments/arkay_windows/UPVC-Liniar-Windows_Jan-21_LR_1.pdf', '/mnt/d/Programming/convoai/server/temp/attachments/arkay_windows/Aluk-Optio-588W-Flush-Window-Web_1.pdf', '/mnt/d/Programming/convoai/server/temp/attachments/arkay_windows/Arkay_infiniLANTERN-A4-_Jan-21_V5_LR_1.pdf', '/mnt/d/Programming/convoai/server/temp/attachments/arkay_windows/Arkay_InfiniGlide3_Brochure_1.pdf', '/mnt/d/Programming/convoai/server/temp/attachments/arkay_windows/Arkay_PallazzoBrochure-Digital_1.pdf', '/mnt/d/Programming/convoai/server/temp/attachments/arkay_windows/Schuco-ASE-60-Sliding-Door-1_1.pdf', '/mnt/d/Programming/convoai/server/temp/attachments/arkay_windows/UPVC-VS_1.pdf', '/mnt/d/Programming/convoai/server/temp/attachments/arkay_windows/Schuco-ASS-50-Sliding-Door_Jan-21_LR_1.pdf', '/mnt/d/Programming/convoai/server/temp/attachments/arkay_windows/Aluk-58BW-Normal-Casement_Feb21_LR_1.pdf', '/mnt/d/Programming/convoai/server/temp/attachments/arkay_windows/InfiniLIGHT-Typical-Section-Detail_1.pdf', '/mnt/d/Programming/convoai/server/temp/attachments/arkay_windows/Arkay_infiniLIGHT-Product-Brochure_1.pdf', '/mnt/d/Programming/convoai/server/temp/attachments/arkay_windows/Vernada-Product-Sheet-Digital_1.pdf', '/mnt/d/Programming/convoai/server/temp/attachments/arkay_windows/UPVC-DOOR_1.pdf', '/mnt/d/Programming/convoai/server/temp/attachments/arkay_windows/Aluk-GT55-Commercial-Door_Mar-21-1_1.pdf', '/mnt/d/Programming/convoai/server/temp/attachments/arkay_windows/Pirnar-Door_Jan-21_LR_1.pdf', '/mnt/d/Programming/convoai/server/temp/attachments/arkay_windows/UPVC_Composite-Entrance-Door_Jan-21_LR_1.pdf', '/mnt/d/Programming/convoai/server/temp/attachments/arkay_windows/Schuco-ADS-70-HD_Door-Jan-21_LR-1_1.pdf', '/mnt/d/Programming/convoai/server/temp/attachments/arkay_windows/Stratus_Lantern_Roof_Jan-21_LR_1.pdf']
2024-11-06 16:04:39,967 | ERROR | 4737 | Got an error while scraping https://www.arkaywindows.com/ : The read operation timed out
2024-11-06 16:04:42,273 | INFO | 4737 | Saved the following attachements: ['/mnt/d/Programming/convoai/server/temp/attachments/arkay_windows/Akay-Unifold-HI-Brochure-Dec-23-1.pdf', '/mnt/d/Programming/convoai/server/temp/attachments/arkay_windows/Arkay_EG-35mm-Product-Brochure_1.pdf', '/mnt/d/Programming/convoai/server/temp/attachments/arkay_windows/Arkay_Unifold_V2_Dec-21_LR_1.pdf', '/mnt/d/Programming/convoai/server/temp/attachments/arkay_windows/Aluk-BSF70-bifold_Jan-21_LR_1.pdf', '/mnt/d/Programming/convoai/server/temp/attachments/arkay_windows/Aluk-Optio-58BW-Flush-Window_Feb21_LR_1.pdf', '/mnt/d/Programming/convoai/server/temp/attachments/arkay_windows/Arkay-Windows-InfiniGLIDE-3-cill-and-drainage_1.pdf', '/mnt/d/Programming/convoai/server/temp/attachments/arkay_windows/Akay-Unifold-HI-Brochure-Nov-23_1.pdf', '/mnt/d/Programming/convoai/server/temp/attachments/arkay_windows/Aluk-58BW-ST-Window_Jan-21_LR_1.pdf', '/mnt/d/Programming/convoai/server/temp/attachments/arkay_windows/UPVC-Sliding-Door_Evolve_Jan-21_LR_1.pdf', '/mnt/d/Programming/convoai/server/temp/attachments/arkay_windows/UPVC-Liniar-Windows_Jan-21_LR_1.pdf', '/mnt/d/Programming/convoai/server/temp/attachments/arkay_windows/Aluk-Optio-588W-Flush-Window-Web_1.pdf', '/mnt/d/Programming/convoai/server/temp/attachments/arkay_windows/Arkay_infiniLANTERN-A4-_Jan-21_V5_LR_1.pdf', '/mnt/d/Programming/convoai/server/temp/attachments/arkay_windows/Arkay_InfiniGlide3_Brochure_1.pdf', '/mnt/d/Programming/convoai/server/temp/attachments/arkay_windows/Arkay_PallazzoBrochure-Digital_1.pdf', '/mnt/d/Programming/convoai/server/temp/attachments/arkay_windows/Schuco-ASE-60-Sliding-Door-1_1.pdf', '/mnt/d/Programming/convoai/server/temp/attachments/arkay_windows/UPVC-VS_1.pdf', '/mnt/d/Programming/convoai/server/temp/attachments/arkay_windows/Schuco-ASS-50-Sliding-Door_Jan-21_LR_1.pdf', '/mnt/d/Programming/convoai/server/temp/attachments/arkay_windows/Aluk-58BW-Normal-Casement_Feb21_LR_1.pdf', '/mnt/d/Programming/convoai/server/temp/attachments/arkay_windows/InfiniLIGHT-Typical-Section-Detail_1.pdf', '/mnt/d/Programming/convoai/server/temp/attachments/arkay_windows/Arkay_infiniLIGHT-Product-Brochure_1.pdf', '/mnt/d/Programming/convoai/server/temp/attachments/arkay_windows/Vernada-Product-Sheet-Digital_1.pdf', '/mnt/d/Programming/convoai/server/temp/attachments/arkay_windows/UPVC-DOOR_1.pdf', '/mnt/d/Programming/convoai/server/temp/attachments/arkay_windows/Aluk-GT55-Commercial-Door_Mar-21-1_1.pdf', '/mnt/d/Programming/convoai/server/temp/attachments/arkay_windows/Pirnar-Door_Jan-21_LR_1.pdf', '/mnt/d/Programming/convoai/server/temp/attachments/arkay_windows/UPVC_Composite-Entrance-Door_Jan-21_LR_1.pdf', '/mnt/d/Programming/convoai/server/temp/attachments/arkay_windows/Schuco-ADS-70-HD_Door-Jan-21_LR-1_1.pdf', '/mnt/d/Programming/convoai/server/temp/attachments/arkay_windows/Stratus_Lantern_Roof_Jan-21_LR_1.pdf', '/mnt/d/Programming/convoai/server/temp/attachments/arkay_windows/Schuco-AWS-70-SC-Window_Jan-21_LR._1.pdf']
2024-11-06 16:04:46,943 | INFO | 4725 | Attempting to terminate process with PID 4737
2024-11-06 16:04:47,762 | INFO | 4737 | Saved the following attachements: ['/mnt/d/Programming/convoai/server/temp/attachments/arkay_windows/Akay-Unifold-HI-Brochure-Dec-23-1.pdf', '/mnt/d/Programming/convoai/server/temp/attachments/arkay_windows/Arkay_EG-35mm-Product-Brochure_1.pdf', '/mnt/d/Programming/convoai/server/temp/attachments/arkay_windows/Arkay_Unifold_V2_Dec-21_LR_1.pdf', '/mnt/d/Programming/convoai/server/temp/attachments/arkay_windows/Aluk-BSF70-bifold_Jan-21_LR_1.pdf', '/mnt/d/Programming/convoai/server/temp/attachments/arkay_windows/Aluk-Optio-58BW-Flush-Window_Feb21_LR_1.pdf', '/mnt/d/Programming/convoai/server/temp/attachments/arkay_windows/Arkay-Windows-InfiniGLIDE-3-cill-and-drainage_1.pdf', '/mnt/d/Programming/convoai/server/temp/attachments/arkay_windows/Akay-Unifold-HI-Brochure-Nov-23_1.pdf', '/mnt/d/Programming/convoai/server/temp/attachments/arkay_windows/Aluk-58BW-ST-Window_Jan-21_LR_1.pdf', '/mnt/d/Programming/convoai/server/temp/attachments/arkay_windows/UPVC-Sliding-Door_Evolve_Jan-21_LR_1.pdf', '/mnt/d/Programming/convoai/server/temp/attachments/arkay_windows/UPVC-Liniar-Windows_Jan-21_LR_1.pdf', '/mnt/d/Programming/convoai/server/temp/attachments/arkay_windows/Aluk-Optio-588W-Flush-Window-Web_1.pdf', '/mnt/d/Programming/convoai/server/temp/attachments/arkay_windows/Arkay_infiniLANTERN-A4-_Jan-21_V5_LR_1.pdf', '/mnt/d/Programming/convoai/server/temp/attachments/arkay_windows/Arkay_InfiniGlide3_Brochure_1.pdf', '/mnt/d/Programming/convoai/server/temp/attachments/arkay_windows/Arkay_PallazzoBrochure-Digital_1.pdf', '/mnt/d/Programming/convoai/server/temp/attachments/arkay_windows/Schuco-ASE-60-Sliding-Door-1_1.pdf', '/mnt/d/Programming/convoai/server/temp/attachments/arkay_windows/UPVC-VS_1.pdf', '/mnt/d/Programming/convoai/server/temp/attachments/arkay_windows/Schuco-ASS-50-Sliding-Door_Jan-21_LR_1.pdf', '/mnt/d/Programming/convoai/server/temp/attachments/arkay_windows/Aluk-58BW-Normal-Casement_Feb21_LR_1.pdf', '/mnt/d/Programming/convoai/server/temp/attachments/arkay_windows/InfiniLIGHT-Typical-Section-Detail_1.pdf', '/mnt/d/Programming/convoai/server/temp/attachments/arkay_windows/Arkay_infiniLIGHT-Product-Brochure_1.pdf', '/mnt/d/Programming/convoai/server/temp/attachments/arkay_windows/Vernada-Product-Sheet-Digital_1.pdf', '/mnt/d/Programming/convoai/server/temp/attachments/arkay_windows/UPVC-DOOR_1.pdf', '/mnt/d/Programming/convoai/server/temp/attachments/arkay_windows/Aluk-GT55-Commercial-Door_Mar-21-1_1.pdf', '/mnt/d/Programming/convoai/server/temp/attachments/arkay_windows/Pirnar-Door_Jan-21_LR_1.pdf', '/mnt/d/Programming/convoai/server/temp/attachments/arkay_windows/UPVC_Composite-Entrance-Door_Jan-21_LR_1.pdf', '/mnt/d/Programming/convoai/server/temp/attachments/arkay_windows/Schuco-ADS-70-HD_Door-Jan-21_LR-1_1.pdf', '/mnt/d/Programming/convoai/server/temp/attachments/arkay_windows/Stratus_Lantern_Roof_Jan-21_LR_1.pdf', '/mnt/d/Programming/convoai/server/temp/attachments/arkay_windows/Schuco-AWS-70-SC-Window_Jan-21_LR._1.pdf', '/mnt/d/Programming/convoai/server/temp/attachments/arkay_windows/Aluk-BSC94-Sliding-Door_Feb-21_LR.pdf']
2024-11-06 16:04:47,945 | INFO | 4725 | Force killing process with PID 4737
2024-11-06 16:04:47,946 | INFO | 4725 | Scraping https://www.arkaywindows.com/ for arkay_windows timed out after 300 seconds
2024-11-06 16:04:47,948 | ERROR | 4725 | Scraping https://www.arkaywindows.com/ for arkay_windows failed with no result after 301.31344 seconds
2024-11-06 16:04:47,948 | INFO | 4725 | Starting conversion of parsed report from markdown to PDF
2024-11-06 16:04:48,337 | INFO | 4725 | The markdown file at temp/markdown/arkaywindows.md got saved as pdf to /mnt/d/Programming/convoai/server/temp/pdf
2024-11-06 16:04:48,338 | INFO | 4725 | Conversion of report completed and uploaded to vector store with id vs_iqr0wQXamhjURuWtNUoScH62
2024-11-06 16:04:56,056 | INFO | 4725 | ['/mnt/d/Programming/convoai/server/temp/pdf/arkaywindows.pdf'] got uploded to vector store with id vs_iqr0wQXamhjURuWtNUoScH62
2024-11-06 16:04:56,059 | INFO | 4725 | Removing Markdown file generated for arkay_windows
2024-11-06 16:05:15,330 | INFO | 4725 | 
Question : What are some of the best windows that you can suggest?
Company Name : arkay_windows
Persona : Happy Helper


2024-11-06 16:05:30,830 | INFO | 4725 | Generated Answer: Here are some of the best window options from Arkay Windows:

1. **Schco AWS 70 HI Windows**
   - These aluminium windows offer high thermal insulation with a 70 mm frame depth. They feature a modern aesthetic and are suitable for both new builds and refurbishments. They combine functionality and design, making them a popular choice for various project types.

2. **AluK 58BW HI Windows**
   - Available in both casement and flush designs, these windows are known for their clean lines and advanced functionality. They meet high security standards and are designed for durability, making them ideal for both residential and commercial properties.

3. **Slimline Aluminium Windows (Schco AWS 70 SC)**
   - This window range is particularly noted for its slim frame profile, making it a versatile addition to any property. Its designed for excellent insulation and can be customized to suit different architectural styles.

4. **AluK 58BW HI Flush Casement Windows**
   - These windows feature a sleek design that mimics traditional styles but offers modern performance and durability. They have been tested for safety and energy efficiency, providing a high level of security.

5. **uPVC Casement Windows (Liniar)**
   - This range provides a beautiful and practical design that allows for natural light while being highly secure. The windows are energy-efficient, making them suitable for modern energy standards while maintaining a classic look.

6. **Vertical Sliding Slim Frame Windows (Liniar)**
   - Combining traditional aesthetics with modern technology, these sliding sash windows offer a high level of security and thermal performance.

These products emphasize durability, energy efficiency, aesthetic appeal, and security, making them excellent choices for various residential and commercial applications. Each type can be customized to meet the specific needs of your project while adhering to the latest building regulations.
2024-11-06 16:06:45,297 | INFO | 5196 | 
Question : I want to buy some windows, Can you guide me through the process?
Company Name : arkay_windows
Persona : Happy Helper


2024-11-06 16:07:02,794 | INFO | 5196 | Generated Answer: Sure! Heres a guided process to help you buy windows from Arkay Windows:

1. **Get a Quote:**
   - You can get a quote by sending an email to sales@arkaywindows.com with your requirements, which should include a drawing of your product, sizes, color preferences, and any extras you require. Alternatively, you can use their online quoting engine.
   - If you are a first-time customer, make sure to include your full company name, address, and contact details to get set up in their system.

2. **Review and Confirm Your Quote:**
   - Once you receive the quote, if you are satisfied, send back the signed quotation along with a 40% deposit to confirm your order.
   - If you need to make changes, you can email them for an amended quote.

3. **Lead Times:**
   - For the most current lead times, you can email or call them (01923 803923).

4. **Visit the Showroom:**
   - You are welcome to visit their showroom in Watford, which is open Monday to Friday from 9:30 AM to 4:30 PM. Its advisable to call or email in advance to ensure availability.

5. **Delivery Process:**
   - After your order is confirmed, you can arrange for delivery by emailing deliveries@arkaywindows.com with your desired delivery location and phone number. They will provide a delivery time slot (morning or afternoon).

6. **Warranty and Support:**
   - If you experience any issues with your product after installation, their aftersales team is available to assist you.

7. **Customization Options:**
   - Arkay Windows offers a wide range of customization options in design, color (over 200 options), and hardware. You can work with them to tailor specifications to suit your preferences.

8. **Energy Efficiency and Compliance:**
   - Many of their products, like the AluK 58BW HI Windows and EdgeGlide+ sliding doors, comply with new building regulations and are designed for high energy efficiency.

By following these steps, you should be able to successfully purchase windows from Arkay Windows. If you have any further questions, feel free to ask!
2024-11-06 16:07:34,493 | INFO | 5196 | 
Question : Can you help me choose a good window right now?
Company Name : arkay_windows
Persona : Happy Helper


2024-11-06 16:07:47,960 | INFO | 5196 | Generated Answer: Here are some excellent window options you might consider from Arkay Windows:

1. **Liniar uPVC Casement Windows**:
   - These windows feature a timeless design with modern performance. They are highly secure and thermally efficient, making them a great choice for energy savings. 
   - You can customize your casement windows with a variety of colour and finish options to suit your homes aesthetics.

2. **AluK 58BW HI Windows**:
   - Made from aluminium, these windows offer a sleek modern appearance with high thermal efficiency. They are designed for durability and weather resistance, and they are available in many configurations (casement, tilt-before-turn, etc.).
   - This window range also allows for extensive customization with over 200 RAL colours available, offering dual colour options as well.

3. **Schco AWS 70 HI Windows**:
   - These aluminium windows combine aesthetic appeal with energy efficiency, featuring a narrow frame depth for slim sightlines. 
   - They are suitable for both new builds and refurbishment projects, thus adding significant value to your property.

4. **Vertical Sliding Slim Frame Windows**:
   - Ideal if you're looking for a classic style. These UPVC windows provide a traditional appearance with modern performance, designed to keep your views unobstructed.
   - They offer excellent thermal efficiency and security while enriching the aesthetic of heritage properties.

5. **Tilt and Turn Windows**:
   - These windows are perfect for contemporary designs, offering versatile operation modes by tilting or turning inward, making them easy to clean.
   - They are crafted for high thermal efficiency and weatherproofing, ensuring energy savings while providing a modern look.

When choosing a window, consider your specific needs such as style, energy efficiency, security features, and the overall aesthetics you want to achieve for your home. Each option above can be tailored to match your preferences and requirements.

If you would like more information about any specific window type or need help with customization options, feel free to ask!
2024-11-06 16:08:06,088 | INFO | 5196 | 
Question : I want to buy something modern
Company Name : arkay_windows
Persona : Happy Helper


2024-11-06 16:08:15,658 | INFO | 5196 | Generated Answer: If you are looking for modern window options from Arkay Windows, here are a couple of excellent choices to consider:

1. **AluK 58BW HI Windows**:
   - These aluminium windows have a sleek, modern design with high thermal efficiency and durability. 
   - They offer various configurations, including casement and tilt-before-turn, which can suit a contemporary aesthetic.
   - You can also customize them extensively with over 200 RAL colour options, allowing for a dual-colour finish if desired.

2. **Schco AWS 70 HI Windows**:
   - This option features a slim frame design that provides minimal sightlines, enhancing the look of modern architectural styles.
   - The combination of aesthetics and energy efficiency makes it suitable for both new construction and renovation projects.

3. **Tilt and Turn Windows**:
   - These windows are very modern in functionality, allowing for flexible operationeither tilting for ventilation or fully turning inwards for easy cleaning.
   - They are crafted to be energy efficient and weatherproof, making them a practical choice without compromising on modern design.

4. **Liniar uPVC Casement Windows**:
   - While a bit more traditional, they come with a modern twist and excellent thermal performance.
   - They can be customized significantly to fit contemporary home designs.

Each of these options will provide a modern aesthetic while offering functional benefits like energy savings and security. 

If you would like assistance with customizing one of these options further or have specific preferences in mind, just let me know!
2024-11-06 16:19:22,911 | INFO | 5196 | 
Question : Hello, Where is your company based?
Company Name : arkay_windows
Persona : Happy Helper


2024-11-06 16:19:30,208 | INFO | 5196 | Generated Answer: Arkay Windows is based in Watford, London. The exact address is:

**36-38 Caxton Way, Watford Business Park, Watford, WD18 8QZ, UK.** 

If you need to contact them, the phone number is **01923 803923** and you can also reach them via email at **sales@arkaywindows.com**.
2024-11-06 16:19:49,077 | INFO | 5196 | 
Question : Can you help me write a mail to them asking for a quotee?
Company Name : arkay_windows
Persona : Happy Helper


2024-11-06 16:19:56,743 | INFO | 5196 | Generated Answer: Certainly! Here's a draft email you can use to request a quote from Arkay Windows:

---

Subject: Request for Quote for Windows

Dear Arkay Windows Team,

I hope this message finds you well. 

I am interested in obtaining a quote for windows for my property. Here are the details I would like to provide for your consideration:

- **Window Type:** [Specify the type of windows you are interested in, e.g., AluK 58BW HI Windows, Liniar uPVC Casement Windows, etc.]
- **Sizes:** [Include the dimensions of the windows you require]
- **Color Preferences:** [Specify any color preferences you have]
- **Extras:** [List any additional features or requirements, such as security features, double glazing, etc.]
- **Drawing:** [Attach a drawing or plan of your project if you have one]

I am excited to explore the options available and would appreciate your prompt response with a quote.

Please let me know if you need any more information from my side to facilitate this request.

Thank you!

Best regards,

[Your Name]  
[Your Company Name] (if applicable)  
[Your Address]  
[Your Phone Number]  
[Your Email Address]

---

Feel free to update the placeholders and any other details specific to your request! If you need further assistance or modifications, let me know!
2024-11-06 16:20:15,727 | INFO | 5196 | 
Question : Can you help me with maths problem?
Company Name : arkay_windows
Persona : Happy Helper


2024-11-06 16:20:18,631 | INFO | 5196 | Generated Answer: Of course! Please provide the math problem you're working on, and I'll be happy to help you with it.
2024-11-06 16:20:30,156 | INFO | 5196 | 
Question : What's the integration of sin(x)
Company Name : arkay_windows
Persona : Happy Helper


2024-11-06 16:20:34,118 | INFO | 5196 | Generated Answer: The integral of \(\sin(x)\) with respect to \(x\) is:

\[
\int \sin(x) \, dx = -\cos(x) + C
\]

where \(C\) is the constant of integration. If you have any other math problems or need further assistance with this topic, feel free to ask!
